2023-09-21 13:57:47,953 WARNING database DDL Query made to DB:
create table `tabWorkflow Action Permitted Role` (
			name varchar(140) primary key,
			creation datetime(6),
			modified datetime(6),
			modified_by varchar(140),
			owner varchar(140),
			docstatus int(1) not null default '0',
			idx int(8) not null default '0',
			`role` varchar(140),
parent varchar(140),
parentfield varchar(140),
parenttype varchar(140),
index parent(parent))
			ENGINE=InnoDB
			ROW_FORMAT=DYNAMIC
			CHARACTER SET=utf8mb4
			COLLATE=utf8mb4_unicode_ci
2023-09-21 13:57:48,043 WARNING database DDL Query made to DB:
create table `tabWorkflow Action Master` (
			name varchar(140) primary key,
			creation datetime(6),
			modified datetime(6),
			modified_by varchar(140),
			owner varchar(140),
			docstatus int(1) not null default '0',
			idx int(8) not null default '0',
			`workflow_action_name` varchar(140) unique,
`_user_tags` text,
`_comments` text,
`_assign` text,
`_liked_by` text,
index modified(modified))
			ENGINE=InnoDB
			ROW_FORMAT=DYNAMIC
			CHARACTER SET=utf8mb4
			COLLATE=utf8mb4_unicode_ci
2023-09-21 13:57:48,133 WARNING database DDL Query made to DB:
create table `tabWorkflow State` (
			name varchar(140) primary key,
			creation datetime(6),
			modified datetime(6),
			modified_by varchar(140),
			owner varchar(140),
			docstatus int(1) not null default '0',
			idx int(8) not null default '0',
			`workflow_state_name` varchar(140) unique,
`icon` varchar(140),
`style` varchar(140),
`_user_tags` text,
`_comments` text,
`_assign` text,
`_liked_by` text,
index modified(modified))
			ENGINE=InnoDB
			ROW_FORMAT=DYNAMIC
			CHARACTER SET=utf8mb4
			COLLATE=utf8mb4_unicode_ci
2023-09-21 13:57:48,208 WARNING database DDL Query made to DB:
create table `tabWorkflow Action` (
			name varchar(140) primary key,
			creation datetime(6),
			modified datetime(6),
			modified_by varchar(140),
			owner varchar(140),
			docstatus int(1) not null default '0',
			idx int(8) not null default '0',
			`status` varchar(140),
`reference_name` varchar(140),
`reference_doctype` varchar(140),
`workflow_state` varchar(140),
`completed_by_role` varchar(140),
`completed_by` varchar(140),
`user` varchar(140),
`_user_tags` text,
`_comments` text,
`_assign` text,
`_liked_by` text,
index `user`(`user`),
index modified(modified))
			ENGINE=InnoDB
			ROW_FORMAT=DYNAMIC
			CHARACTER SET=utf8mb4
			COLLATE=utf8mb4_unicode_ci
2023-09-21 13:57:48,259 WARNING database DDL Query made to DB:
ALTER TABLE `tabWorkflow Action`
				ADD INDEX `reference_name_reference_doctype_status_index`(reference_name, reference_doctype, status)
2023-09-21 13:57:48,309 WARNING database DDL Query made to DB:
create table `tabWorkflow Transition` (
			name varchar(140) primary key,
			creation datetime(6),
			modified datetime(6),
			modified_by varchar(140),
			owner varchar(140),
			docstatus int(1) not null default '0',
			idx int(8) not null default '0',
			`state` varchar(140),
`action` varchar(140),
`next_state` varchar(140),
`allowed` varchar(140),
`allow_self_approval` int(1) not null default 1,
`condition` longtext,
parent varchar(140),
parentfield varchar(140),
parenttype varchar(140),
index parent(parent))
			ENGINE=InnoDB
			ROW_FORMAT=DYNAMIC
			CHARACTER SET=utf8mb4
			COLLATE=utf8mb4_unicode_ci
2023-09-21 13:57:48,472 WARNING database DDL Query made to DB:
create table `tabEmail Group` (
			name varchar(140) primary key,
			creation datetime(6),
			modified datetime(6),
			modified_by varchar(140),
			owner varchar(140),
			docstatus int(1) not null default '0',
			idx int(8) not null default '0',
			`title` varchar(140) unique,
`total_subscribers` int(11) not null default 0,
`confirmation_email_template` varchar(140),
`welcome_email_template` varchar(140),
`_user_tags` text,
`_comments` text,
`_assign` text,
`_liked_by` text,
index modified(modified))
			ENGINE=InnoDB
			ROW_FORMAT=DYNAMIC
			CHARACTER SET=utf8mb4
			COLLATE=utf8mb4_unicode_ci
2023-09-21 13:57:48,740 WARNING database DDL Query made to DB:
create table `tabEmail Queue Recipient` (
			name varchar(140) primary key,
			creation datetime(6),
			modified datetime(6),
			modified_by varchar(140),
			owner varchar(140),
			docstatus int(1) not null default '0',
			idx int(8) not null default '0',
			`recipient` varchar(140),
`status` varchar(140) default 'Not Sent',
`error` longtext,
index `status`(`status`),
parent varchar(140),
parentfield varchar(140),
parenttype varchar(140),
index parent(parent))
			ENGINE=InnoDB
			ROW_FORMAT=DYNAMIC
			CHARACTER SET=utf8mb4
			COLLATE=utf8mb4_unicode_ci
2023-09-21 13:57:48,777 WARNING database DDL Query made to DB:
ALTER TABLE `tabEmail Queue Recipient`
				ADD INDEX `modified_index`(modified)
2023-09-21 13:57:48,854 WARNING database DDL Query made to DB:
create table `tabDocument Follow` (
			name varchar(140) primary key,
			creation datetime(6),
			modified datetime(6),
			modified_by varchar(140),
			owner varchar(140),
			docstatus int(1) not null default '0',
			idx int(8) not null default '0',
			`ref_doctype` varchar(140),
`ref_docname` varchar(140),
`user` varchar(140),
`_user_tags` text,
`_comments` text,
`_assign` text,
`_liked_by` text,
index `ref_doctype`(`ref_doctype`),
index `ref_docname`(`ref_docname`),
index `user`(`user`),
index modified(modified))
			ENGINE=InnoDB
			ROW_FORMAT=DYNAMIC
			CHARACTER SET=utf8mb4
			COLLATE=utf8mb4_unicode_ci
2023-09-21 13:57:48,955 WARNING database DDL Query made to DB:
create table `tabAuto Email Report` (
			name varchar(140) primary key,
			creation datetime(6),
			modified datetime(6),
			modified_by varchar(140),
			owner varchar(140),
			docstatus int(1) not null default '0',
			idx int(8) not null default '0',
			`report` varchar(140),
`user` varchar(140) default 'User',
`enabled` int(1) not null default 1,
`report_type` varchar(140),
`reference_report` varchar(140),
`send_if_data` int(1) not null default 1,
`data_modified_till` int(11) not null default 0,
`no_of_rows` int(11) not null default 100,
`filters` text,
`filter_meta` text,
`from_date_field` varchar(140),
`to_date_field` varchar(140),
`dynamic_date_period` varchar(140),
`email_to` text,
`day_of_week` varchar(140) default 'Monday',
`sender` varchar(140),
`frequency` varchar(140),
`format` varchar(140),
`description` longtext,
`_user_tags` text,
`_comments` text,
`_assign` text,
`_liked_by` text,
index modified(modified))
			ENGINE=InnoDB
			ROW_FORMAT=DYNAMIC
			CHARACTER SET=utf8mb4
			COLLATE=utf8mb4_unicode_ci
2023-09-21 13:57:49,032 WARNING database DDL Query made to DB:
create table `tabUnhandled Email` (
			name varchar(140) primary key,
			creation datetime(6),
			modified datetime(6),
			modified_by varchar(140),
			owner varchar(140),
			docstatus int(1) not null default '0',
			idx int(8) not null default '0',
			`email_account` varchar(140),
`uid` varchar(140),
`reason` longtext,
`message_id` longtext,
`raw` longtext,
`_user_tags` text,
`_comments` text,
`_assign` text,
`_liked_by` text,
index modified(modified))
			ENGINE=InnoDB
			ROW_FORMAT=DYNAMIC
			CHARACTER SET=utf8mb4
			COLLATE=utf8mb4_unicode_ci
2023-09-21 13:57:49,103 WARNING database DDL Query made to DB:
create table `tabNewsletter Attachment` (
			name varchar(140) primary key,
			creation datetime(6),
			modified datetime(6),
			modified_by varchar(140),
			owner varchar(140),
			docstatus int(1) not null default '0',
			idx int(8) not null default '0',
			`attachment` text,
parent varchar(140),
parentfield varchar(140),
parenttype varchar(140),
index parent(parent))
			ENGINE=InnoDB
			ROW_FORMAT=DYNAMIC
			CHARACTER SET=utf8mb4
			COLLATE=utf8mb4_unicode_ci
2023-09-21 13:57:49,192 WARNING database DDL Query made to DB:
create table `tabEmail Domain` (
			name varchar(140) primary key,
			creation datetime(6),
			modified datetime(6),
			modified_by varchar(140),
			owner varchar(140),
			docstatus int(1) not null default '0',
			idx int(8) not null default '0',
			`domain_name` varchar(140) unique,
`email_server` varchar(140),
`use_imap` int(1) not null default 0,
`use_ssl` int(1) not null default 0,
`use_starttls` int(1) not null default 0,
`incoming_port` varchar(140),
`attachment_limit` int(11) not null default 0,
`smtp_server` varchar(140),
`use_tls` int(1) not null default 0,
`use_ssl_for_outgoing` int(1) not null default 0,
`smtp_port` varchar(140),
`append_emails_to_sent_folder` int(1) not null default 0,
`_user_tags` text,
`_comments` text,
`_assign` text,
`_liked_by` text,
index modified(modified))
			ENGINE=InnoDB
			ROW_FORMAT=DYNAMIC
			CHARACTER SET=utf8mb4
			COLLATE=utf8mb4_unicode_ci
2023-09-21 13:57:49,257 WARNING database DDL Query made to DB:
create table `tabEmail Flag Queue` (
			name varchar(140) primary key,
			creation datetime(6),
			modified datetime(6),
			modified_by varchar(140),
			owner varchar(140),
			docstatus int(1) not null default '0',
			idx int(8) not null default '0',
			`is_completed` int(1) not null default 0,
`communication` varchar(140),
`action` varchar(140),
`email_account` varchar(140),
`uid` varchar(140),
`_user_tags` text,
`_comments` text,
`_assign` text,
`_liked_by` text,
index modified(modified))
			ENGINE=InnoDB
			ROW_FORMAT=DYNAMIC
			CHARACTER SET=utf8mb4
			COLLATE=utf8mb4_unicode_ci
2023-09-21 13:57:49,339 WARNING database DDL Query made to DB:
create table `tabEmail Unsubscribe` (
			name varchar(140) primary key,
			creation datetime(6),
			modified datetime(6),
			modified_by varchar(140),
			owner varchar(140),
			docstatus int(1) not null default '0',
			idx int(8) not null default '0',
			`email` varchar(140),
`reference_doctype` varchar(140),
`reference_name` varchar(140),
`global_unsubscribe` int(1) not null default 0,
`_user_tags` text,
`_comments` text,
`_assign` text,
`_liked_by` text,
index `email`(`email`),
index modified(modified))
			ENGINE=InnoDB
			ROW_FORMAT=DYNAMIC
			CHARACTER SET=utf8mb4
			COLLATE=utf8mb4_unicode_ci
2023-09-21 13:57:49,449 WARNING database DDL Query made to DB:
create table `tabEmail Queue` (
			name varchar(140) primary key,
			creation datetime(6),
			modified datetime(6),
			modified_by varchar(140),
			owner varchar(140),
			docstatus int(1) not null default '0',
			idx int(8) not null default '0',
			`sender` varchar(140),
`show_as_cc` text,
`message` longtext,
`status` varchar(140) default 'Not Sent',
`error` longtext,
`message_id` text,
`reference_doctype` varchar(140),
`reference_name` varchar(140),
`communication` varchar(140),
`send_after` datetime(6),
`priority` int(11) not null default 1,
`add_unsubscribe_link` int(1) not null default 1,
`unsubscribe_param` varchar(140),
`unsubscribe_method` varchar(140),
`expose_recipients` varchar(140),
`attachments` longtext,
`retry` int(11) not null default 0,
`email_account` varchar(140),
`_user_tags` text,
`_comments` text,
`_assign` text,
`_liked_by` text,
index `reference_name`(`reference_name`),
index `communication`(`communication`),
index modified(modified))
			ENGINE=InnoDB
			ROW_FORMAT=DYNAMIC
			CHARACTER SET=utf8mb4
			COLLATE=utf8mb4_unicode_ci
2023-09-21 13:57:49,504 WARNING database DDL Query made to DB:
ALTER TABLE `tabEmail Queue`
				ADD INDEX `index_bulk_flush`(status, send_after, priority, creation)
2023-09-21 13:57:49,530 WARNING database DDL Query made to DB:
ALTER TABLE `tabEmail Queue`
				ADD INDEX `message_id_index`(message_id(140))
2023-09-21 13:57:49,580 WARNING database DDL Query made to DB:
create table `tabEmail Template` (
			name varchar(140) primary key,
			creation datetime(6),
			modified datetime(6),
			modified_by varchar(140),
			owner varchar(140),
			docstatus int(1) not null default '0',
			idx int(8) not null default '0',
			`subject` varchar(140),
`use_html` int(1) not null default 0,
`response_html` longtext,
`response` longtext,
`_user_tags` text,
`_comments` text,
`_assign` text,
`_liked_by` text,
index modified(modified))
			ENGINE=InnoDB
			ROW_FORMAT=DYNAMIC
			CHARACTER SET=utf8mb4
			COLLATE=utf8mb4_unicode_ci
2023-09-21 13:57:49,659 WARNING database DDL Query made to DB:
create table `tabEmail Group Member` (
			name varchar(140) primary key,
			creation datetime(6),
			modified datetime(6),
			modified_by varchar(140),
			owner varchar(140),
			docstatus int(1) not null default '0',
			idx int(8) not null default '0',
			`email_group` varchar(140),
`email` varchar(140),
`unsubscribed` int(1) not null default 0,
`_user_tags` text,
`_comments` text,
`_assign` text,
`_liked_by` text,
index `email_group`(`email_group`),
index `unsubscribed`(`unsubscribed`),
index modified(modified))
			ENGINE=InnoDB
			ROW_FORMAT=DYNAMIC
			CHARACTER SET=utf8mb4
			COLLATE=utf8mb4_unicode_ci
2023-09-21 13:57:49,708 WARNING database DDL Query made to DB:
alter table `tabEmail Group Member`
					add unique `unique_email_group_email`(email_group, email)
2023-09-21 13:57:49,761 WARNING database DDL Query made to DB:
create table `tabNewsletter Email Group` (
			name varchar(140) primary key,
			creation datetime(6),
			modified datetime(6),
			modified_by varchar(140),
			owner varchar(140),
			docstatus int(1) not null default '0',
			idx int(8) not null default '0',
			`email_group` varchar(140),
`total_subscribers` varchar(140),
parent varchar(140),
parentfield varchar(140),
parenttype varchar(140),
index parent(parent))
			ENGINE=InnoDB
			ROW_FORMAT=DYNAMIC
			CHARACTER SET=utf8mb4
			COLLATE=utf8mb4_unicode_ci
2023-09-21 13:57:49,873 WARNING database DDL Query made to DB:
create table `tabNewsletter` (
			name varchar(140) primary key,
			creation datetime(6),
			modified datetime(6),
			modified_by varchar(140),
			owner varchar(140),
			docstatus int(1) not null default '0',
			idx int(8) not null default '0',
			`email_sent_at` datetime(6),
`total_recipients` int(11) not null default 0,
`total_views` int(11) not null default 0,
`email_sent` int(1) not null default 0,
`sender_name` varchar(140),
`sender_email` varchar(140),
`send_from` varchar(140),
`subject` text,
`content_type` varchar(140),
`message` longtext,
`message_md` longtext,
`message_html` longtext,
`campaign` varchar(140),
`send_unsubscribe_link` int(1) not null default 1,
`send_webview_link` int(1) not null default 0,
`scheduled_to_send` int(11) not null default 0,
`schedule_sending` int(1) not null default 0,
`schedule_send` datetime(6),
`published` int(1) not null default 0,
`route` varchar(140),
`_user_tags` text,
`_comments` text,
`_assign` text,
`_liked_by` text,
index modified(modified))
			ENGINE=InnoDB
			ROW_FORMAT=DYNAMIC
			CHARACTER SET=utf8mb4
			COLLATE=utf8mb4_unicode_ci
2023-09-21 13:57:50,070 WARNING database DDL Query made to DB:
create table `tabEmail Account` (
			name varchar(140) primary key,
			creation datetime(6),
			modified datetime(6),
			modified_by varchar(140),
			owner varchar(140),
			docstatus int(1) not null default '0',
			idx int(8) not null default '0',
			`email_id` varchar(140) unique,
`email_account_name` varchar(140) unique,
`domain` varchar(140),
`service` varchar(140),
`auth_method` varchar(140) default 'Basic',
`password` text,
`awaiting_password` int(1) not null default 0,
`ascii_encode_password` int(1) not null default 0,
`connected_app` varchar(140),
`connected_user` varchar(140),
`login_id_is_different` int(1) not null default 0,
`login_id` varchar(140),
`enable_incoming` int(1) not null default 0,
`default_incoming` int(1) not null default 0,
`use_imap` int(1) not null default 0,
`use_ssl` int(1) not null default 0,
`use_starttls` int(1) not null default 0,
`email_server` varchar(140),
`incoming_port` varchar(140),
`attachment_limit` int(11) not null default 0,
`email_sync_option` varchar(140) default 'UNSEEN',
`initial_sync_count` varchar(140) default '250',
`append_emails_to_sent_folder` int(1) not null default 0,
`append_to` varchar(140),
`create_contact` int(1) not null default 1,
`enable_automatic_linking` int(1) not null default 0,
`notify_if_unreplied` int(1) not null default 0,
`unreplied_for_mins` int(11) not null default 30,
`send_notification_to` text,
`enable_outgoing` int(1) not null default 0,
`use_tls` int(1) not null default 0,
`use_ssl_for_outgoing` int(1) not null default 0,
`smtp_server` varchar(140),
`smtp_port` varchar(140),
`default_outgoing` int(1) not null default 0,
`always_use_account_email_id_as_sender` int(1) not null default 0,
`always_use_account_name_as_sender_name` int(1) not null default 0,
`send_unsubscribe_message` int(1) not null default 1,
`track_email_status` int(1) not null default 1,
`no_smtp_authentication` int(1) not null default 0,
`add_signature` int(1) not null default 0,
`signature` longtext,
`enable_auto_reply` int(1) not null default 0,
`auto_reply_message` longtext,
`footer` longtext,
`brand_logo` text,
`uidvalidity` varchar(140),
`uidnext` int(11) not null default 0,
`no_failed` int(11) not null default 0,
`_user_tags` text,
`_comments` text,
`_assign` text,
`_liked_by` text,
index modified(modified))
			ENGINE=InnoDB
			ROW_FORMAT=DYNAMIC
			CHARACTER SET=utf8mb4
			COLLATE=utf8mb4_unicode_ci
2023-09-21 13:57:50,153 WARNING database DDL Query made to DB:
create table `tabEmail Rule` (
			name varchar(140) primary key,
			creation datetime(6),
			modified datetime(6),
			modified_by varchar(140),
			owner varchar(140),
			docstatus int(1) not null default '0',
			idx int(8) not null default '0',
			`email_id` varchar(140) unique,
`is_spam` int(1) not null default 0,
`_user_tags` text,
`_comments` text,
`_assign` text,
`_liked_by` text,
index modified(modified))
			ENGINE=InnoDB
			ROW_FORMAT=DYNAMIC
			CHARACTER SET=utf8mb4
			COLLATE=utf8mb4_unicode_ci
2023-09-21 13:57:50,223 WARNING database DDL Query made to DB:
create table `tabIMAP Folder` (
			name varchar(140) primary key,
			creation datetime(6),
			modified datetime(6),
			modified_by varchar(140),
			owner varchar(140),
			docstatus int(1) not null default '0',
			idx int(8) not null default '0',
			`folder_name` varchar(140),
`append_to` varchar(140),
`uidvalidity` varchar(140),
`uidnext` varchar(140),
parent varchar(140),
parentfield varchar(140),
parenttype varchar(140),
index parent(parent))
			ENGINE=InnoDB
			ROW_FORMAT=DYNAMIC
			CHARACTER SET=utf8mb4
			COLLATE=utf8mb4_unicode_ci
2023-09-21 13:57:50,303 WARNING database DDL Query made to DB:
create table `tabNotification Recipient` (
			name varchar(140) primary key,
			creation datetime(6),
			modified datetime(6),
			modified_by varchar(140),
			owner varchar(140),
			docstatus int(1) not null default '0',
			idx int(8) not null default '0',
			`receiver_by_document_field` varchar(140),
`receiver_by_role` varchar(140),
`cc` longtext,
`bcc` longtext,
`condition` varchar(140),
parent varchar(140),
parentfield varchar(140),
parenttype varchar(140),
index parent(parent))
			ENGINE=InnoDB
			ROW_FORMAT=DYNAMIC
			CHARACTER SET=utf8mb4
			COLLATE=utf8mb4_unicode_ci
2023-09-21 13:57:50,380 WARNING database DDL Query made to DB:
create table `tabDocType Layout` (
			name varchar(140) primary key,
			creation datetime(6),
			modified datetime(6),
			modified_by varchar(140),
			owner varchar(140),
			docstatus int(1) not null default '0',
			idx int(8) not null default '0',
			`document_type` varchar(140),
`route` varchar(140),
`client_script` longtext,
`_user_tags` text,
`_comments` text,
`_assign` text,
`_liked_by` text,
index modified(modified))
			ENGINE=InnoDB
			ROW_FORMAT=DYNAMIC
			CHARACTER SET=utf8mb4
			COLLATE=utf8mb4_unicode_ci
2023-09-21 13:57:50,786 WARNING database DDL Query made to DB:
create table `tabDocType Layout Field` (
			name varchar(140) primary key,
			creation datetime(6),
			modified datetime(6),
			modified_by varchar(140),
			owner varchar(140),
			docstatus int(1) not null default '0',
			idx int(8) not null default '0',
			`label` varchar(140),
`fieldname` varchar(140),
parent varchar(140),
parentfield varchar(140),
parenttype varchar(140),
index parent(parent))
			ENGINE=InnoDB
			ROW_FORMAT=DYNAMIC
			CHARACTER SET=utf8mb4
			COLLATE=utf8mb4_unicode_ci
2023-09-21 13:57:50,954 WARNING database DDL Query made to DB:
create table `tabCustomize Form Field` (
			name varchar(140) primary key,
			creation datetime(6),
			modified datetime(6),
			modified_by varchar(140),
			owner varchar(140),
			docstatus int(1) not null default '0',
			idx int(8) not null default '0',
			`is_system_generated` int(1) not null default 0,
`label` varchar(140),
`fieldtype` varchar(140) default 'Data',
`fieldname` varchar(140),
`non_negative` int(1) not null default 0,
`reqd` int(1) not null default 0,
`unique` int(1) not null default 0,
`is_virtual` int(1) not null default 0,
`in_list_view` int(1) not null default 0,
`in_standard_filter` int(1) not null default 0,
`in_global_search` int(1) not null default 0,
`in_preview` int(1) not null default 0,
`bold` int(1) not null default 0,
`no_copy` int(1) not null default 0,
`allow_in_quick_entry` int(1) not null default 0,
`translatable` int(1) not null default 1,
`default` text,
`precision` varchar(140),
`length` int(11) not null default 0,
`options` text,
`sort_options` int(1) not null default 0,
`fetch_from` text,
`fetch_if_empty` int(1) not null default 0,
`show_dashboard` int(1) not null default 0,
`depends_on` longtext,
`permlevel` int(11) not null default 0,
`hidden` int(1) not null default 0,
`read_only` int(1) not null default 0,
`collapsible` int(1) not null default 0,
`allow_bulk_edit` int(1) not null default 0,
`collapsible_depends_on` longtext,
`ignore_user_permissions` int(1) not null default 0,
`allow_on_submit` int(1) not null default 0,
`report_hide` int(1) not null default 0,
`remember_last_selected_value` int(1) not null default 0,
`hide_border` int(1) not null default 0,
`ignore_xss_filter` int(1) not null default 0,
`mandatory_depends_on` longtext,
`read_only_depends_on` longtext,
`in_filter` int(1) not null default 0,
`hide_seconds` int(1) not null default 0,
`hide_days` int(1) not null default 0,
`description` text,
`print_hide` int(1) not null default 0,
`print_hide_if_no_value` int(1) not null default 0,
`print_width` varchar(140),
`columns` int(11) not null default 0,
`width` varchar(140),
`is_custom_field` int(1) not null default 0,
index `label`(`label`),
index `fieldtype`(`fieldtype`),
index `fieldname`(`fieldname`),
parent varchar(140),
parentfield varchar(140),
parenttype varchar(140),
index parent(parent))
			ENGINE=InnoDB
			ROW_FORMAT=DYNAMIC
			CHARACTER SET=utf8mb4
			COLLATE=utf8mb4_unicode_ci
2023-09-21 13:57:51,405 WARNING database DDL Query made to DB:
create table `tabCurrency` (
			name varchar(140) primary key,
			creation datetime(6),
			modified datetime(6),
			modified_by varchar(140),
			owner varchar(140),
			docstatus int(1) not null default '0',
			idx int(8) not null default '0',
			`currency_name` varchar(140) unique,
`enabled` int(1) not null default 0,
`fraction` varchar(140),
`fraction_units` int(11) not null default 0,
`smallest_currency_fraction_value` decimal(21,9) not null default 0,
`symbol` varchar(140),
`symbol_on_right` int(1) not null default 0,
`number_format` varchar(140),
`_user_tags` text,
`_comments` text,
`_assign` text,
`_liked_by` text,
index modified(modified))
			ENGINE=InnoDB
			ROW_FORMAT=DYNAMIC
			CHARACTER SET=utf8mb4
			COLLATE=utf8mb4_unicode_ci
2023-09-21 13:57:51,658 WARNING database DDL Query made to DB:
create table `tabCountry` (
			name varchar(140) primary key,
			creation datetime(6),
			modified datetime(6),
			modified_by varchar(140),
			owner varchar(140),
			docstatus int(1) not null default '0',
			idx int(8) not null default '0',
			`country_name` varchar(140) unique,
`date_format` varchar(140),
`time_format` varchar(140) default 'HH:mm:ss',
`time_zones` text,
`code` varchar(140),
`_user_tags` text,
`_comments` text,
`_assign` text,
`_liked_by` text,
index modified(modified))
			ENGINE=InnoDB
			ROW_FORMAT=DYNAMIC
			CHARACTER SET=utf8mb4
			COLLATE=utf8mb4_unicode_ci
2023-09-21 13:57:51,731 WARNING database DDL Query made to DB:
create table `tabNotification Settings` (
			name varchar(140) primary key,
			creation datetime(6),
			modified datetime(6),
			modified_by varchar(140),
			owner varchar(140),
			docstatus int(1) not null default '0',
			idx int(8) not null default '0',
			`enabled` int(1) not null default 1,
`enable_email_notifications` int(1) not null default 1,
`enable_email_mention` int(1) not null default 1,
`enable_email_assignment` int(1) not null default 1,
`enable_email_energy_point` int(1) not null default 1,
`enable_email_share` int(1) not null default 1,
`enable_email_event_reminders` int(1) not null default 1,
`user` varchar(140),
`seen` int(1) not null default 0,
`energy_points_system_notifications` int(1) not null default 1,
`_user_tags` text,
`_comments` text,
`_assign` text,
`_liked_by` text,
index modified(modified))
			ENGINE=InnoDB
			ROW_FORMAT=DYNAMIC
			CHARACTER SET=utf8mb4
			COLLATE=utf8mb4_unicode_ci
2023-09-21 13:57:51,947 WARNING database DDL Query made to DB:
create table `tabCalendar View` (
			name varchar(140) primary key,
			creation datetime(6),
			modified datetime(6),
			modified_by varchar(140),
			owner varchar(140),
			docstatus int(1) not null default '0',
			idx int(8) not null default '0',
			`reference_doctype` varchar(140),
`subject_field` varchar(140),
`start_date_field` varchar(140),
`end_date_field` varchar(140),
`all_day` int(1) not null default 0,
`_user_tags` text,
`_comments` text,
`_assign` text,
`_liked_by` text,
index modified(modified))
			ENGINE=InnoDB
			ROW_FORMAT=DYNAMIC
			CHARACTER SET=utf8mb4
			COLLATE=utf8mb4_unicode_ci
2023-09-21 13:57:52,051 WARNING database DDL Query made to DB:
create table `tabList View Settings` (
			name varchar(140) primary key,
			creation datetime(6),
			modified datetime(6),
			modified_by varchar(140),
			owner varchar(140),
			docstatus int(1) not null default '0',
			idx int(8) not null default '0',
			`disable_count` int(1) not null default 0,
`disable_comment_count` int(1) not null default 0,
`disable_sidebar_stats` int(1) not null default 0,
`disable_auto_refresh` int(1) not null default 0,
`total_fields` varchar(140),
`fields` longtext,
`_user_tags` text,
`_comments` text,
`_assign` text,
`_liked_by` text,
index modified(modified))
			ENGINE=InnoDB
			ROW_FORMAT=DYNAMIC
			CHARACTER SET=utf8mb4
			COLLATE=utf8mb4_unicode_ci
2023-09-21 13:57:52,153 WARNING database DDL Query made to DB:
create table `tabNote` (
			name varchar(140) primary key,
			creation datetime(6),
			modified datetime(6),
			modified_by varchar(140),
			owner varchar(140),
			docstatus int(1) not null default '0',
			idx int(8) not null default '0',
			`title` varchar(140),
`public` int(1) not null default 0,
`notify_on_login` int(1) not null default 0,
`notify_on_every_login` int(1) not null default 0,
`expire_notification_on` date,
`content` longtext,
`_user_tags` text,
`_comments` text,
`_assign` text,
`_liked_by` text,
index `expire_notification_on`(`expire_notification_on`),
index modified(modified))
			ENGINE=InnoDB
			ROW_FORMAT=DYNAMIC
			CHARACTER SET=utf8mb4
			COLLATE=utf8mb4_unicode_ci
2023-09-21 13:57:52,224 WARNING database DDL Query made to DB:
create table `tabRoute History` (
			name varchar(140) primary key,
			creation datetime(6),
			modified datetime(6),
			modified_by varchar(140),
			owner varchar(140),
			docstatus int(1) not null default '0',
			idx int(8) not null default '0',
			`route` varchar(140),
`user` varchar(140),
`_user_tags` text,
`_comments` text,
`_assign` text,
`_liked_by` text,
index modified(modified))
			ENGINE=InnoDB
			ROW_FORMAT=DYNAMIC
			CHARACTER SET=utf8mb4
			COLLATE=utf8mb4_unicode_ci
2023-09-21 13:57:52,320 WARNING database DDL Query made to DB:
create table `tabNotification Log` (
			name varchar(140) primary key,
			creation datetime(6),
			modified datetime(6),
			modified_by varchar(140),
			owner varchar(140),
			docstatus int(1) not null default '0',
			idx int(8) not null default '0',
			`subject` text,
`for_user` varchar(140),
`type` varchar(140),
`email_content` longtext,
`document_type` varchar(140),
`read` int(1) not null default 0,
`document_name` varchar(140),
`attached_file` longtext,
`from_user` varchar(140),
`_user_tags` text,
`_comments` text,
`_assign` text,
`_liked_by` text,
`_seen` text,
index `for_user`(`for_user`),
index `document_name`(`document_name`),
index modified(modified))
			ENGINE=InnoDB
			ROW_FORMAT=DYNAMIC
			CHARACTER SET=utf8mb4
			COLLATE=utf8mb4_unicode_ci
2023-09-21 13:57:52,395 WARNING database DDL Query made to DB:
create table `tabNumber Card Link` (
			name varchar(140) primary key,
			creation datetime(6),
			modified datetime(6),
			modified_by varchar(140),
			owner varchar(140),
			docstatus int(1) not null default '0',
			idx int(8) not null default '0',
			`card` varchar(140),
parent varchar(140),
parentfield varchar(140),
parenttype varchar(140),
index parent(parent))
			ENGINE=InnoDB
			ROW_FORMAT=DYNAMIC
			CHARACTER SET=utf8mb4
			COLLATE=utf8mb4_unicode_ci
2023-09-21 13:57:52,478 WARNING database DDL Query made to DB:
create table `tabDashboard Chart Field` (
			name varchar(140) primary key,
			creation datetime(6),
			modified datetime(6),
			modified_by varchar(140),
			owner varchar(140),
			docstatus int(1) not null default '0',
			idx int(8) not null default '0',
			`y_field` varchar(140),
`color` varchar(140),
parent varchar(140),
parentfield varchar(140),
parenttype varchar(140),
index parent(parent))
			ENGINE=InnoDB
			ROW_FORMAT=DYNAMIC
			CHARACTER SET=utf8mb4
			COLLATE=utf8mb4_unicode_ci
2023-09-21 13:57:52,550 WARNING database DDL Query made to DB:
create table `tabList Filter` (
			name varchar(140) primary key,
			creation datetime(6),
			modified datetime(6),
			modified_by varchar(140),
			owner varchar(140),
			docstatus int(1) not null default '0',
			idx int(8) not null default '0',
			`filter_name` varchar(140),
`reference_doctype` varchar(140),
`for_user` varchar(140),
`filters` longtext,
`_user_tags` text,
`_comments` text,
`_assign` text,
`_liked_by` text,
index modified(modified))
			ENGINE=InnoDB
			ROW_FORMAT=DYNAMIC
			CHARACTER SET=utf8mb4
			COLLATE=utf8mb4_unicode_ci
2023-09-21 13:57:52,624 WARNING database DDL Query made to DB:
create table `tabGlobal Search DocType` (
			name varchar(140) primary key,
			creation datetime(6),
			modified datetime(6),
			modified_by varchar(140),
			owner varchar(140),
			docstatus int(1) not null default '0',
			idx int(8) not null default '0',
			`document_type` varchar(140),
parent varchar(140),
parentfield varchar(140),
parenttype varchar(140),
index parent(parent))
			ENGINE=InnoDB
			ROW_FORMAT=DYNAMIC
			CHARACTER SET=utf8mb4
			COLLATE=utf8mb4_unicode_ci
2023-09-21 13:57:52,772 WARNING database DDL Query made to DB:
create table `tabConsole Log` (
			name varchar(140) primary key,
			creation datetime(6),
			modified datetime(6),
			modified_by varchar(140),
			owner varchar(140),
			docstatus int(1) not null default '0',
			idx int(8) not null default '0',
			`script` longtext,
`type` varchar(140),
`committed` int(1) not null default 0,
`_user_tags` text,
`_comments` text,
`_assign` text,
`_liked_by` text,
index modified(modified))
			ENGINE=InnoDB
			ROW_FORMAT=DYNAMIC
			CHARACTER SET=utf8mb4
			COLLATE=utf8mb4_unicode_ci
2023-09-21 13:57:52,851 WARNING database DDL Query made to DB:
create table `tabNotification Subscribed Document` (
			name varchar(140) primary key,
			creation datetime(6),
			modified datetime(6),
			modified_by varchar(140),
			owner varchar(140),
			docstatus int(1) not null default '0',
			idx int(8) not null default '0',
			`document` varchar(140),
parent varchar(140),
parentfield varchar(140),
parenttype varchar(140),
index parent(parent))
			ENGINE=InnoDB
			ROW_FORMAT=DYNAMIC
			CHARACTER SET=utf8mb4
			COLLATE=utf8mb4_unicode_ci
2023-09-21 13:57:52,955 WARNING database DDL Query made to DB:
create table `tabCustom HTML Block` (
			name varchar(140) primary key,
			creation datetime(6),
			modified datetime(6),
			modified_by varchar(140),
			owner varchar(140),
			docstatus int(1) not null default '0',
			idx int(8) not null default '0',
			`private` int(1) not null default 0,
`html` longtext,
`script` longtext,
`style` longtext,
`_user_tags` text,
`_comments` text,
`_assign` text,
`_liked_by` text,
index modified(modified))
			ENGINE=InnoDB
			ROW_FORMAT=DYNAMIC
			CHARACTER SET=utf8mb4
			COLLATE=utf8mb4_unicode_ci
2023-09-21 13:57:53,020 WARNING database DDL Query made to DB:
create table `tabKanban Board Column` (
			name varchar(140) primary key,
			creation datetime(6),
			modified datetime(6),
			modified_by varchar(140),
			owner varchar(140),
			docstatus int(1) not null default '0',
			idx int(8) not null default '0',
			`column_name` varchar(140),
`status` varchar(140) default 'Active',
`indicator` varchar(140) default 'Gray',
`order` longtext,
parent varchar(140),
parentfield varchar(140),
parenttype varchar(140),
index parent(parent))
			ENGINE=InnoDB
			ROW_FORMAT=DYNAMIC
			CHARACTER SET=utf8mb4
			COLLATE=utf8mb4_unicode_ci
2023-09-21 13:57:53,106 WARNING database DDL Query made to DB:
create table `tabDashboard Settings` (
			name varchar(140) primary key,
			creation datetime(6),
			modified datetime(6),
			modified_by varchar(140),
			owner varchar(140),
			docstatus int(1) not null default '0',
			idx int(8) not null default '0',
			`user` varchar(140),
`chart_config` longtext,
`_user_tags` text,
`_comments` text,
`_assign` text,
`_liked_by` text,
index modified(modified))
			ENGINE=InnoDB
			ROW_FORMAT=DYNAMIC
			CHARACTER SET=utf8mb4
			COLLATE=utf8mb4_unicode_ci
2023-09-21 13:57:53,190 WARNING database DDL Query made to DB:
create table `tabTag` (
			name varchar(140) primary key,
			creation datetime(6),
			modified datetime(6),
			modified_by varchar(140),
			owner varchar(140),
			docstatus int(1) not null default '0',
			idx int(8) not null default '0',
			`description` text,
`_user_tags` text,
`_comments` text,
`_assign` text,
`_liked_by` text,
index modified(modified))
			ENGINE=InnoDB
			ROW_FORMAT=DYNAMIC
			CHARACTER SET=utf8mb4
			COLLATE=utf8mb4_unicode_ci
2023-09-21 13:57:53,413 WARNING database DDL Query made to DB:
create table `tabToDo` (
			name varchar(140) primary key,
			creation datetime(6),
			modified datetime(6),
			modified_by varchar(140),
			owner varchar(140),
			docstatus int(1) not null default '0',
			idx int(8) not null default '0',
			`status` varchar(140) default 'Open',
`priority` varchar(140) default 'Medium',
`color` varchar(140),
`date` date,
`allocated_to` varchar(140),
`description` longtext,
`reference_type` varchar(140),
`reference_name` varchar(140),
`role` varchar(140),
`assigned_by` varchar(140),
`assigned_by_full_name` varchar(140),
`sender` varchar(140),
`assignment_rule` varchar(140),
`_user_tags` text,
`_comments` text,
`_assign` text,
`_liked_by` text,
`_seen` text,
index modified(modified))
			ENGINE=InnoDB
			ROW_FORMAT=DYNAMIC
			CHARACTER SET=utf8mb4
			COLLATE=utf8mb4_unicode_ci
2023-09-21 13:57:53,470 WARNING database DDL Query made to DB:
ALTER TABLE `tabToDo`
				ADD INDEX `reference_type_reference_name_index`(reference_type, reference_name)
2023-09-21 13:57:53,519 WARNING database DDL Query made to DB:
create table `tabNote Seen By` (
			name varchar(140) primary key,
			creation datetime(6),
			modified datetime(6),
			modified_by varchar(140),
			owner varchar(140),
			docstatus int(1) not null default '0',
			idx int(8) not null default '0',
			`user` varchar(140),
parent varchar(140),
parentfield varchar(140),
parenttype varchar(140),
index parent(parent))
			ENGINE=InnoDB
			ROW_FORMAT=DYNAMIC
			CHARACTER SET=utf8mb4
			COLLATE=utf8mb4_unicode_ci
2023-09-21 13:57:53,603 WARNING database DDL Query made to DB:
create table `tabTag Link` (
			name varchar(140) primary key,
			creation datetime(6),
			modified datetime(6),
			modified_by varchar(140),
			owner varchar(140),
			docstatus int(1) not null default '0',
			idx int(8) not null default '0',
			`document_type` varchar(140),
`document_name` varchar(140),
`tag` varchar(140),
`title` varchar(140),
`_user_tags` text,
`_comments` text,
`_assign` text,
`_liked_by` text,
index modified(modified))
			ENGINE=InnoDB
			ROW_FORMAT=DYNAMIC
			CHARACTER SET=utf8mb4
			COLLATE=utf8mb4_unicode_ci
2023-09-21 13:57:53,745 WARNING database DDL Query made to DB:
create table `tabEvent Participants` (
			name varchar(140) primary key,
			creation datetime(6),
			modified datetime(6),
			modified_by varchar(140),
			owner varchar(140),
			docstatus int(1) not null default '0',
			idx int(8) not null default '0',
			`reference_doctype` varchar(140),
`reference_docname` varchar(140),
`email` varchar(140),
parent varchar(140),
parentfield varchar(140),
parenttype varchar(140),
index parent(parent))
			ENGINE=InnoDB
			ROW_FORMAT=DYNAMIC
			CHARACTER SET=utf8mb4
			COLLATE=utf8mb4_unicode_ci
2023-09-21 13:57:54,263 WARNING database DDL Query made to DB:
create table `tabEvent` (
			name varchar(140) primary key,
			creation datetime(6),
			modified datetime(6),
			modified_by varchar(140),
			owner varchar(140),
			docstatus int(1) not null default '0',
			idx int(8) not null default '0',
			`subject` text,
`event_category` varchar(140),
`event_type` varchar(140),
`color` varchar(140),
`send_reminder` int(1) not null default 1,
`repeat_this_event` int(1) not null default 0,
`starts_on` datetime(6),
`ends_on` datetime(6),
`status` varchar(140) default 'Open',
`sender` varchar(140),
`all_day` int(1) not null default 0,
`sync_with_google_calendar` int(1) not null default 0,
`add_video_conferencing` int(1) not null default 0,
`google_calendar` varchar(140),
`google_calendar_id` varchar(140),
`google_calendar_event_id` varchar(140),
`google_meet_link` varchar(140),
`pulled_from_google_calendar` int(1) not null default 0,
`repeat_on` varchar(140),
`repeat_till` date,
`monday` int(1) not null default 0,
`tuesday` int(1) not null default 0,
`wednesday` int(1) not null default 0,
`thursday` int(1) not null default 0,
`friday` int(1) not null default 0,
`saturday` int(1) not null default 0,
`sunday` int(1) not null default 0,
`description` longtext,
`_user_tags` text,
`_comments` text,
`_assign` text,
`_liked_by` text,
`_seen` text,
index `event_type`(`event_type`),
index modified(modified))
			ENGINE=InnoDB
			ROW_FORMAT=DYNAMIC
			CHARACTER SET=utf8mb4
			COLLATE=utf8mb4_unicode_ci
2023-09-21 13:57:54,478 WARNING database DDL Query made to DB:
create table `tabKanban Board` (
			name varchar(140) primary key,
			creation datetime(6),
			modified datetime(6),
			modified_by varchar(140),
			owner varchar(140),
			docstatus int(1) not null default '0',
			idx int(8) not null default '0',
			`kanban_board_name` varchar(140) unique,
`reference_doctype` varchar(140),
`field_name` varchar(140),
`private` int(1) not null default 0,
`show_labels` int(1) not null default 0,
`filters` longtext,
`fields` longtext,
`_user_tags` text,
`_comments` text,
`_assign` text,
`_liked_by` text,
index modified(modified))
			ENGINE=InnoDB
			ROW_FORMAT=DYNAMIC
			CHARACTER SET=utf8mb4
			COLLATE=utf8mb4_unicode_ci
2023-09-21 13:57:54,541 WARNING database DDL Query made to DB:
create table `tabDashboard Chart Link` (
			name varchar(140) primary key,
			creation datetime(6),
			modified datetime(6),
			modified_by varchar(140),
			owner varchar(140),
			docstatus int(1) not null default '0',
			idx int(8) not null default '0',
			`chart` varchar(140),
`width` varchar(140) default 'Half',
parent varchar(140),
parentfield varchar(140),
parenttype varchar(140),
index parent(parent))
			ENGINE=InnoDB
			ROW_FORMAT=DYNAMIC
			CHARACTER SET=utf8mb4
			COLLATE=utf8mb4_unicode_ci
2023-09-21 13:57:54,648 WARNING database DDL Query made to DB:
create table `tabDesktop Icon` (
			name varchar(140) primary key,
			creation datetime(6),
			modified datetime(6),
			modified_by varchar(140),
			owner varchar(140),
			docstatus int(1) not null default '0',
			idx int(8) not null default '0',
			`module_name` varchar(140),
`label` varchar(140),
`standard` int(1) not null default 0,
`custom` int(1) not null default 0,
`app` varchar(140),
`description` text,
`category` varchar(140),
`hidden` int(1) not null default 0,
`blocked` int(1) not null default 0,
`force_show` int(1) not null default 0,
`type` varchar(140),
`_doctype` varchar(140),
`_report` varchar(140),
`link` text,
`color` varchar(140),
`icon` varchar(140),
`reverse` int(1) not null default 0,
`_user_tags` text,
`_comments` text,
`_assign` text,
`_liked_by` text,
index modified(modified))
			ENGINE=InnoDB
			ROW_FORMAT=DYNAMIC
			CHARACTER SET=utf8mb4
			COLLATE=utf8mb4_unicode_ci
2023-09-21 13:57:54,710 WARNING database DDL Query made to DB:
alter table `tabDesktop Icon`
					add unique `unique_module_name_owner_standard`(module_name, owner, standard)
2023-09-21 13:57:55,054 WARNING database DDL Query made to DB:
create table `tabSocial Login Key` (
			name varchar(140) primary key,
			creation datetime(6),
			modified datetime(6),
			modified_by varchar(140),
			owner varchar(140),
			docstatus int(1) not null default '0',
			idx int(8) not null default '0',
			`enable_social_login` int(1) not null default 0,
`social_login_provider` varchar(140) default 'Custom',
`client_id` varchar(140),
`provider_name` varchar(140),
`client_secret` text,
`icon` varchar(140),
`base_url` varchar(140),
`authorize_url` varchar(140),
`access_token_url` varchar(140),
`redirect_url` varchar(140),
`api_endpoint` varchar(140),
`custom_base_url` int(1) not null default 0,
`api_endpoint_args` longtext,
`auth_url_data` longtext,
`user_id_property` varchar(140),
`_user_tags` text,
`_comments` text,
`_assign` text,
`_liked_by` text,
index modified(modified))
			ENGINE=InnoDB
			ROW_FORMAT=DYNAMIC
			CHARACTER SET=utf8mb4
			COLLATE=utf8mb4_unicode_ci
2023-09-21 13:57:55,297 WARNING database DDL Query made to DB:
create table `tabGoogle Contacts` (
			name varchar(140) primary key,
			creation datetime(6),
			modified datetime(6),
			modified_by varchar(140),
			owner varchar(140),
			docstatus int(1) not null default '0',
			idx int(8) not null default '0',
			`enable` int(1) not null default 0,
`email_id` varchar(140),
`last_sync_on` datetime(6),
`authorization_code` text,
`refresh_token` text,
`next_sync_token` text,
`pull_from_google_contacts` int(1) not null default 0,
`push_to_google_contacts` int(1) not null default 0,
`_user_tags` text,
`_comments` text,
`_assign` text,
`_liked_by` text,
index modified(modified))
			ENGINE=InnoDB
			ROW_FORMAT=DYNAMIC
			CHARACTER SET=utf8mb4
			COLLATE=utf8mb4_unicode_ci
2023-09-21 13:57:56,189 WARNING database DDL Query made to DB:
create table `tabSlack Webhook URL` (
			name varchar(140) primary key,
			creation datetime(6),
			modified datetime(6),
			modified_by varchar(140),
			owner varchar(140),
			docstatus int(1) not null default '0',
			idx int(8) not null default '0',
			`webhook_name` varchar(140) unique,
`webhook_url` varchar(140),
`show_document_link` int(1) not null default 1,
`_user_tags` text,
`_comments` text,
`_assign` text,
`_liked_by` text,
index modified(modified))
			ENGINE=InnoDB
			ROW_FORMAT=DYNAMIC
			CHARACTER SET=utf8mb4
			COLLATE=utf8mb4_unicode_ci
2023-09-21 13:57:56,341 WARNING database DDL Query made to DB:
create table `tabOAuth Scope` (
			name varchar(140) primary key,
			creation datetime(6),
			modified datetime(6),
			modified_by varchar(140),
			owner varchar(140),
			docstatus int(1) not null default '0',
			idx int(8) not null default '0',
			`scope` varchar(140),
parent varchar(140),
parentfield varchar(140),
parenttype varchar(140),
index parent(parent))
			ENGINE=InnoDB
			ROW_FORMAT=DYNAMIC
			CHARACTER SET=utf8mb4
			COLLATE=utf8mb4_unicode_ci
2023-09-21 13:57:56,587 WARNING database DDL Query made to DB:
create table `tabOAuth Client` (
			name varchar(140) primary key,
			creation datetime(6),
			modified datetime(6),
			modified_by varchar(140),
			owner varchar(140),
			docstatus int(1) not null default '0',
			idx int(8) not null default '0',
			`client_id` varchar(140),
`app_name` varchar(140),
`user` varchar(140),
`client_secret` varchar(140),
`skip_authorization` int(1) not null default 0,
`scopes` text default 'all openid',
`redirect_uris` text,
`default_redirect_uri` varchar(140),
`grant_type` varchar(140),
`response_type` varchar(140) default 'Code',
`_user_tags` text,
`_comments` text,
`_assign` text,
`_liked_by` text,
index modified(modified))
			ENGINE=InnoDB
			ROW_FORMAT=DYNAMIC
			CHARACTER SET=utf8mb4
			COLLATE=utf8mb4_unicode_ci
2023-09-21 13:57:57,388 WARNING database DDL Query made to DB:
create table `tabQuery Parameters` (
			name varchar(140) primary key,
			creation datetime(6),
			modified datetime(6),
			modified_by varchar(140),
			owner varchar(140),
			docstatus int(1) not null default '0',
			idx int(8) not null default '0',
			`key` varchar(140),
`value` varchar(140),
parent varchar(140),
parentfield varchar(140),
parenttype varchar(140),
index parent(parent))
			ENGINE=InnoDB
			ROW_FORMAT=DYNAMIC
			CHARACTER SET=utf8mb4
			COLLATE=utf8mb4_unicode_ci
2023-09-21 13:57:57,504 WARNING database DDL Query made to DB:
create table `tabWebhook Request Log` (
			name varchar(140) primary key,
			creation datetime(6),
			modified datetime(6),
			modified_by varchar(140),
			owner varchar(140),
			docstatus int(1) not null default '0',
			idx int(8) not null default '0',
			`webhook` varchar(140),
`reference_document` varchar(140),
`headers` longtext,
`data` longtext,
`user` varchar(140),
`url` varchar(140),
`response` longtext,
`error` text,
`_user_tags` text,
`_comments` text,
`_assign` text,
`_liked_by` text,
index modified(modified))
			ENGINE=InnoDB
			ROW_FORMAT=DYNAMIC
			CHARACTER SET=utf8mb4
			COLLATE=utf8mb4_unicode_ci
2023-09-21 13:57:57,569 WARNING database DDL Query made to DB:
create table `tabLDAP Group Mapping` (
			name varchar(140) primary key,
			creation datetime(6),
			modified datetime(6),
			modified_by varchar(140),
			owner varchar(140),
			docstatus int(1) not null default '0',
			idx int(8) not null default '0',
			`ldap_group` varchar(140),
`erpnext_role` varchar(140),
parent varchar(140),
parentfield varchar(140),
parenttype varchar(140),
index parent(parent))
			ENGINE=InnoDB
			ROW_FORMAT=DYNAMIC
			CHARACTER SET=utf8mb4
			COLLATE=utf8mb4_unicode_ci
2023-09-21 13:57:57,647 WARNING database DDL Query made to DB:
create table `tabConnected App` (
			name varchar(140) primary key,
			creation datetime(6),
			modified datetime(6),
			modified_by varchar(140),
			owner varchar(140),
			docstatus int(1) not null default '0',
			idx int(8) not null default '0',
			`provider_name` varchar(140),
`openid_configuration` varchar(140),
`client_id` varchar(140),
`redirect_uri` varchar(140),
`client_secret` text,
`authorization_uri` text,
`token_uri` varchar(140),
`revocation_uri` varchar(140),
`userinfo_uri` varchar(140),
`introspection_uri` varchar(140),
`_user_tags` text,
`_comments` text,
`_assign` text,
`_liked_by` text,
index modified(modified))
			ENGINE=InnoDB
			ROW_FORMAT=DYNAMIC
			CHARACTER SET=utf8mb4
			COLLATE=utf8mb4_unicode_ci
2023-09-21 13:57:57,910 WARNING database DDL Query made to DB:
create table `tabWebhook Header` (
			name varchar(140) primary key,
			creation datetime(6),
			modified datetime(6),
			modified_by varchar(140),
			owner varchar(140),
			docstatus int(1) not null default '0',
			idx int(8) not null default '0',
			`key` varchar(140),
`value` varchar(140),
parent varchar(140),
parentfield varchar(140),
parenttype varchar(140),
index parent(parent))
			ENGINE=InnoDB
			ROW_FORMAT=DYNAMIC
			CHARACTER SET=utf8mb4
			COLLATE=utf8mb4_unicode_ci
2023-09-21 13:57:57,993 WARNING database DDL Query made to DB:
create table `tabGoogle Calendar` (
			name varchar(140) primary key,
			creation datetime(6),
			modified datetime(6),
			modified_by varchar(140),
			owner varchar(140),
			docstatus int(1) not null default '0',
			idx int(8) not null default '0',
			`enable` int(1) not null default 1,
`calendar_name` varchar(140) unique,
`user` varchar(140),
`pull_from_google_calendar` int(1) not null default 1,
`push_to_google_calendar` int(1) not null default 1,
`google_calendar_id` varchar(140),
`refresh_token` text,
`authorization_code` text,
`next_sync_token` text,
`_user_tags` text,
`_comments` text,
`_assign` text,
`_liked_by` text,
index modified(modified))
			ENGINE=InnoDB
			ROW_FORMAT=DYNAMIC
			CHARACTER SET=utf8mb4
			COLLATE=utf8mb4_unicode_ci
2023-09-21 13:57:58,672 WARNING database DDL Query made to DB:
create table `tabIntegration Request` (
			name varchar(140) primary key,
			creation datetime(6),
			modified datetime(6),
			modified_by varchar(140),
			owner varchar(140),
			docstatus int(1) not null default '0',
			idx int(8) not null default '0',
			`request_id` varchar(140),
`integration_request_service` varchar(140),
`is_remote_request` int(1) not null default 0,
`request_description` varchar(140),
`status` varchar(140) default 'Queued',
`url` varchar(140),
`request_headers` longtext,
`data` longtext,
`output` longtext,
`error` longtext,
`reference_doctype` varchar(140),
`reference_docname` varchar(140),
`_user_tags` text,
`_comments` text,
`_assign` text,
`_liked_by` text,
index modified(modified))
			ENGINE=InnoDB
			ROW_FORMAT=DYNAMIC
			CHARACTER SET=utf8mb4
			COLLATE=utf8mb4_unicode_ci
2023-09-21 13:57:58,781 WARNING database DDL Query made to DB:
create table `tabWebhook` (
			name varchar(140) primary key,
			creation datetime(6),
			modified datetime(6),
			modified_by varchar(140),
			owner varchar(140),
			docstatus int(1) not null default '0',
			idx int(8) not null default '0',
			`webhook_doctype` varchar(140),
`webhook_docevent` varchar(140),
`enabled` int(1) not null default 1,
`condition` text,
`request_url` varchar(140),
`timeout` int(11) not null default 5,
`is_dynamic_url` int(1) not null default 0,
`request_method` varchar(140) default 'POST',
`request_structure` varchar(140),
`enable_security` int(1) not null default 0,
`webhook_secret` text,
`webhook_json` longtext,
`preview_document` varchar(140),
`_user_tags` text,
`_comments` text,
`_assign` text,
`_liked_by` text,
index modified(modified))
			ENGINE=InnoDB
			ROW_FORMAT=DYNAMIC
			CHARACTER SET=utf8mb4
			COLLATE=utf8mb4_unicode_ci
2023-09-21 13:57:58,853 WARNING database DDL Query made to DB:
create table `tabOAuth Bearer Token` (
			name varchar(140) primary key,
			creation datetime(6),
			modified datetime(6),
			modified_by varchar(140),
			owner varchar(140),
			docstatus int(1) not null default '0',
			idx int(8) not null default '0',
			`client` varchar(140),
`user` varchar(140),
`scopes` text,
`access_token` varchar(140) unique,
`refresh_token` varchar(140),
`expiration_time` datetime(6),
`expires_in` int(11) not null default 0,
`status` varchar(140),
`_user_tags` text,
`_comments` text,
`_assign` text,
`_liked_by` text,
index modified(modified))
			ENGINE=InnoDB
			ROW_FORMAT=DYNAMIC
			CHARACTER SET=utf8mb4
			COLLATE=utf8mb4_unicode_ci
2023-09-21 13:57:58,949 WARNING database DDL Query made to DB:
create table `tabOAuth Authorization Code` (
			name varchar(140) primary key,
			creation datetime(6),
			modified datetime(6),
			modified_by varchar(140),
			owner varchar(140),
			docstatus int(1) not null default '0',
			idx int(8) not null default '0',
			`client` varchar(140),
`user` varchar(140),
`scopes` text,
`authorization_code` varchar(140) unique,
`expiration_time` datetime(6),
`redirect_uri_bound_to_authorization_code` varchar(140),
`validity` varchar(140),
`nonce` varchar(140),
`code_challenge` varchar(140),
`code_challenge_method` varchar(140),
`_user_tags` text,
`_comments` text,
`_assign` text,
`_liked_by` text,
index modified(modified))
			ENGINE=InnoDB
			ROW_FORMAT=DYNAMIC
			CHARACTER SET=utf8mb4
			COLLATE=utf8mb4_unicode_ci
2023-09-21 13:57:59,021 WARNING database DDL Query made to DB:
create table `tabToken Cache` (
			name varchar(140) primary key,
			creation datetime(6),
			modified datetime(6),
			modified_by varchar(140),
			owner varchar(140),
			docstatus int(1) not null default '0',
			idx int(8) not null default '0',
			`user` varchar(140),
`connected_app` varchar(140),
`provider_name` varchar(140),
`access_token` text,
`refresh_token` text,
`expires_in` int(11) not null default 0,
`state` varchar(140),
`success_uri` varchar(140),
`token_type` varchar(140),
`_user_tags` text,
`_comments` text,
`_assign` text,
`_liked_by` text,
index modified(modified))
			ENGINE=InnoDB
			ROW_FORMAT=DYNAMIC
			CHARACTER SET=utf8mb4
			COLLATE=utf8mb4_unicode_ci
2023-09-21 13:57:59,098 WARNING database DDL Query made to DB:
create table `tabWebhook Data` (
			name varchar(140) primary key,
			creation datetime(6),
			modified datetime(6),
			modified_by varchar(140),
			owner varchar(140),
			docstatus int(1) not null default '0',
			idx int(8) not null default '0',
			`fieldname` varchar(140),
`key` varchar(140),
parent varchar(140),
parentfield varchar(140),
parenttype varchar(140),
index parent(parent))
			ENGINE=InnoDB
			ROW_FORMAT=DYNAMIC
			CHARACTER SET=utf8mb4
			COLLATE=utf8mb4_unicode_ci
2023-09-21 13:57:59,451 WARNING database DDL Query made to DB:
create table `tabPrint Heading` (
			name varchar(140) primary key,
			creation datetime(6),
			modified datetime(6),
			modified_by varchar(140),
			owner varchar(140),
			docstatus int(1) not null default '0',
			idx int(8) not null default '0',
			`print_heading` varchar(140),
`description` text,
`_user_tags` text,
`_comments` text,
`_assign` text,
`_liked_by` text,
index modified(modified))
			ENGINE=InnoDB
			ROW_FORMAT=DYNAMIC
			CHARACTER SET=utf8mb4
			COLLATE=utf8mb4_unicode_ci
2023-09-21 13:57:59,517 WARNING database DDL Query made to DB:
create table `tabPrint Format Field Template` (
			name varchar(140) primary key,
			creation datetime(6),
			modified datetime(6),
			modified_by varchar(140),
			owner varchar(140),
			docstatus int(1) not null default '0',
			idx int(8) not null default '0',
			`document_type` varchar(140),
`field` varchar(140),
`template_file` varchar(140),
`module` varchar(140),
`standard` int(1) not null default 0,
`template` longtext,
`_user_tags` text,
`_comments` text,
`_assign` text,
`_liked_by` text,
index modified(modified))
			ENGINE=InnoDB
			ROW_FORMAT=DYNAMIC
			CHARACTER SET=utf8mb4
			COLLATE=utf8mb4_unicode_ci
2023-09-21 13:57:59,649 WARNING database DDL Query made to DB:
create table `tabLetter Head` (
			name varchar(140) primary key,
			creation datetime(6),
			modified datetime(6),
			modified_by varchar(140),
			owner varchar(140),
			docstatus int(1) not null default '0',
			idx int(8) not null default '0',
			`letter_head_name` varchar(140) unique,
`source` varchar(140),
`footer_source` varchar(140) default 'HTML',
`disabled` int(1) not null default 0,
`is_default` int(1) not null default 0,
`image` text,
`image_height` decimal(21,9) not null default 0,
`image_width` decimal(21,9) not null default 0,
`align` varchar(140) default 'Left',
`content` longtext,
`footer` longtext,
`footer_image` text,
`footer_image_height` decimal(21,9) not null default 0,
`footer_image_width` decimal(21,9) not null default 0,
`footer_align` varchar(140),
`_user_tags` text,
`_comments` text,
`_assign` text,
`_liked_by` text,
index `is_default`(`is_default`),
index modified(modified))
			ENGINE=InnoDB
			ROW_FORMAT=DYNAMIC
			CHARACTER SET=utf8mb4
			COLLATE=utf8mb4_unicode_ci
2023-09-21 13:57:59,730 WARNING database DDL Query made to DB:
create table `tabNetwork Printer Settings` (
			name varchar(140) primary key,
			creation datetime(6),
			modified datetime(6),
			modified_by varchar(140),
			owner varchar(140),
			docstatus int(1) not null default '0',
			idx int(8) not null default '0',
			`server_ip` varchar(140) default 'localhost',
`port` int(11) not null default 631,
`printer_name` varchar(140),
`_user_tags` text,
`_comments` text,
`_assign` text,
`_liked_by` text,
index modified(modified))
			ENGINE=InnoDB
			ROW_FORMAT=DYNAMIC
			CHARACTER SET=utf8mb4
			COLLATE=utf8mb4_unicode_ci
2023-09-21 13:58:00,247 WARNING database DDL Query made to DB:
create table `tabSalutation` (
			name varchar(140) primary key,
			creation datetime(6),
			modified datetime(6),
			modified_by varchar(140),
			owner varchar(140),
			docstatus int(1) not null default '0',
			idx int(8) not null default '0',
			`salutation` varchar(140) unique,
`_user_tags` text,
`_comments` text,
`_assign` text,
`_liked_by` text,
index modified(modified))
			ENGINE=InnoDB
			ROW_FORMAT=DYNAMIC
			CHARACTER SET=utf8mb4
			COLLATE=utf8mb4_unicode_ci
2023-09-21 13:58:00,444 WARNING database DDL Query made to DB:
create table `tabContact Phone` (
			name varchar(140) primary key,
			creation datetime(6),
			modified datetime(6),
			modified_by varchar(140),
			owner varchar(140),
			docstatus int(1) not null default '0',
			idx int(8) not null default '0',
			`phone` varchar(140),
`is_primary_phone` int(1) not null default 0,
`is_primary_mobile_no` int(1) not null default 0,
parent varchar(140),
parentfield varchar(140),
parenttype varchar(140),
index parent(parent))
			ENGINE=InnoDB
			ROW_FORMAT=DYNAMIC
			CHARACTER SET=utf8mb4
			COLLATE=utf8mb4_unicode_ci
2023-09-21 13:58:00,507 WARNING database DDL Query made to DB:
create table `tabContact Email` (
			name varchar(140) primary key,
			creation datetime(6),
			modified datetime(6),
			modified_by varchar(140),
			owner varchar(140),
			docstatus int(1) not null default '0',
			idx int(8) not null default '0',
			`email_id` varchar(140),
`is_primary` int(1) not null default 0,
parent varchar(140),
parentfield varchar(140),
parenttype varchar(140),
index parent(parent))
			ENGINE=InnoDB
			ROW_FORMAT=DYNAMIC
			CHARACTER SET=utf8mb4
			COLLATE=utf8mb4_unicode_ci
2023-09-21 13:58:00,625 WARNING database DDL Query made to DB:
create table `tabGender` (
			name varchar(140) primary key,
			creation datetime(6),
			modified datetime(6),
			modified_by varchar(140),
			owner varchar(140),
			docstatus int(1) not null default '0',
			idx int(8) not null default '0',
			`gender` varchar(140) unique,
`_user_tags` text,
`_comments` text,
`_assign` text,
`_liked_by` text,
index modified(modified))
			ENGINE=InnoDB
			ROW_FORMAT=DYNAMIC
			CHARACTER SET=utf8mb4
			COLLATE=utf8mb4_unicode_ci
2023-09-21 13:58:00,730 WARNING database DDL Query made to DB:
create table `tabAddress` (
			name varchar(140) primary key,
			creation datetime(6),
			modified datetime(6),
			modified_by varchar(140),
			owner varchar(140),
			docstatus int(1) not null default '0',
			idx int(8) not null default '0',
			`address_title` varchar(140),
`address_type` varchar(140),
`address_line1` varchar(140),
`address_line2` varchar(140),
`city` varchar(140),
`county` varchar(140),
`state` varchar(140),
`country` varchar(140),
`pincode` varchar(140),
`email_id` varchar(140),
`phone` varchar(140),
`fax` varchar(140),
`is_primary_address` int(1) not null default 0,
`is_shipping_address` int(1) not null default 0,
`disabled` int(1) not null default 0,
`_user_tags` text,
`_comments` text,
`_assign` text,
`_liked_by` text,
index `city`(`city`),
index `country`(`country`),
index `pincode`(`pincode`),
index modified(modified))
			ENGINE=InnoDB
			ROW_FORMAT=DYNAMIC
			CHARACTER SET=utf8mb4
			COLLATE=utf8mb4_unicode_ci
2023-09-21 13:58:00,847 WARNING database DDL Query made to DB:
create table `tabAddress Template` (
			name varchar(140) primary key,
			creation datetime(6),
			modified datetime(6),
			modified_by varchar(140),
			owner varchar(140),
			docstatus int(1) not null default '0',
			idx int(8) not null default '0',
			`country` varchar(140) unique,
`is_default` int(1) not null default 0,
`template` longtext,
`_user_tags` text,
`_comments` text,
`_assign` text,
`_liked_by` text,
index modified(modified))
			ENGINE=InnoDB
			ROW_FORMAT=DYNAMIC
			CHARACTER SET=utf8mb4
			COLLATE=utf8mb4_unicode_ci
2023-09-21 13:58:00,968 WARNING database DDL Query made to DB:
create table `tabContact` (
			name varchar(140) primary key,
			creation datetime(6),
			modified datetime(6),
			modified_by varchar(140),
			owner varchar(140),
			docstatus int(1) not null default '0',
			idx int(8) not null default '0',
			`first_name` varchar(140),
`middle_name` varchar(140),
`last_name` varchar(140),
`full_name` varchar(140),
`email_id` varchar(140),
`user` varchar(140),
`address` varchar(140),
`sync_with_google_contacts` int(1) not null default 0,
`status` varchar(140) default 'Passive',
`salutation` varchar(140),
`designation` varchar(140),
`gender` varchar(140),
`phone` varchar(140),
`mobile_no` varchar(140),
`company_name` varchar(140),
`image` text,
`google_contacts` varchar(140),
`google_contacts_id` varchar(140),
`pulled_from_google_contacts` int(1) not null default 0,
`is_primary_contact` int(1) not null default 0,
`department` varchar(140),
`unsubscribed` int(1) not null default 0,
`_user_tags` text,
`_comments` text,
`_assign` text,
`_liked_by` text,
index `email_id`(`email_id`),
index modified(modified))
			ENGINE=InnoDB
			ROW_FORMAT=DYNAMIC
			CHARACTER SET=utf8mb4
			COLLATE=utf8mb4_unicode_ci
2023-09-21 13:58:01,143 WARNING database DDL Query made to DB:
create table `tabEnergy Point Log` (
			name varchar(140) primary key,
			creation datetime(6),
			modified datetime(6),
			modified_by varchar(140),
			owner varchar(140),
			docstatus int(1) not null default '0',
			idx int(8) not null default '0',
			`user` varchar(140),
`type` varchar(140),
`points` int(11) not null default 0,
`rule` varchar(140),
`reference_doctype` varchar(140),
`reference_name` varchar(140),
`reverted` int(1) not null default 0,
`revert_of` varchar(140),
`reason` text,
`seen` int(1) not null default 0,
`_user_tags` text,
`_comments` text,
`_assign` text,
`_liked_by` text,
index `user`(`user`),
index `reference_name`(`reference_name`),
index modified(modified))
			ENGINE=InnoDB
			ROW_FORMAT=DYNAMIC
			CHARACTER SET=utf8mb4
			COLLATE=utf8mb4_unicode_ci
2023-09-21 13:58:01,345 WARNING database DDL Query made to DB:
create table `tabReview Level` (
			name varchar(140) primary key,
			creation datetime(6),
			modified datetime(6),
			modified_by varchar(140),
			owner varchar(140),
			docstatus int(1) not null default '0',
			idx int(8) not null default '0',
			`level_name` varchar(140) unique,
`role` varchar(140) unique,
`review_points` int(11) not null default 0,
parent varchar(140),
parentfield varchar(140),
parenttype varchar(140),
index parent(parent))
			ENGINE=InnoDB
			ROW_FORMAT=DYNAMIC
			CHARACTER SET=utf8mb4
			COLLATE=utf8mb4_unicode_ci
2023-09-21 13:58:01,518 WARNING database DDL Query made to DB:
create table `tabEnergy Point Rule` (
			name varchar(140) primary key,
			creation datetime(6),
			modified datetime(6),
			modified_by varchar(140),
			owner varchar(140),
			docstatus int(1) not null default '0',
			idx int(8) not null default '0',
			`enabled` int(1) not null default 1,
`rule_name` varchar(140) unique,
`reference_doctype` varchar(140),
`for_doc_event` varchar(140) default 'Custom',
`field_to_check` varchar(140),
`points` int(11) not null default 0,
`for_assigned_users` int(1) not null default 0,
`user_field` varchar(140),
`multiplier_field` varchar(140),
`max_points` int(11) not null default 0,
`apply_only_once` int(1) not null default 0,
`condition` longtext,
`_user_tags` text,
`_comments` text,
`_assign` text,
`_liked_by` text,
index modified(modified))
			ENGINE=InnoDB
			ROW_FORMAT=DYNAMIC
			CHARACTER SET=utf8mb4
			COLLATE=utf8mb4_unicode_ci
2023-09-21 13:58:01,585 WARNING database DDL Query made to DB:
create table `tabMilestone` (
			name varchar(140) primary key,
			creation datetime(6),
			modified datetime(6),
			modified_by varchar(140),
			owner varchar(140),
			docstatus int(1) not null default '0',
			idx int(8) not null default '0',
			`reference_type` varchar(140),
`reference_name` varchar(140),
`track_field` varchar(140),
`value` varchar(140),
`milestone_tracker` varchar(140),
`_user_tags` text,
`_comments` text,
`_assign` text,
`_liked_by` text,
index `reference_type`(`reference_type`),
index modified(modified))
			ENGINE=InnoDB
			ROW_FORMAT=DYNAMIC
			CHARACTER SET=utf8mb4
			COLLATE=utf8mb4_unicode_ci
2023-09-21 13:58:01,686 WARNING database DDL Query made to DB:
ALTER TABLE `tabMilestone`
				ADD INDEX `reference_type_reference_name_index`(reference_type, reference_name)
2023-09-21 13:58:01,844 WARNING database DDL Query made to DB:
create table `tabAssignment Rule Day` (
			name varchar(140) primary key,
			creation datetime(6),
			modified datetime(6),
			modified_by varchar(140),
			owner varchar(140),
			docstatus int(1) not null default '0',
			idx int(8) not null default '0',
			`day` varchar(140),
parent varchar(140),
parentfield varchar(140),
parenttype varchar(140),
index parent(parent))
			ENGINE=InnoDB
			ROW_FORMAT=DYNAMIC
			CHARACTER SET=utf8mb4
			COLLATE=utf8mb4_unicode_ci
2023-09-21 13:58:01,953 WARNING database DDL Query made to DB:
create table `tabAuto Repeat` (
			name varchar(140) primary key,
			creation datetime(6),
			modified datetime(6),
			modified_by varchar(140),
			owner varchar(140),
			docstatus int(1) not null default '0',
			idx int(8) not null default '0',
			`disabled` int(1) not null default 0,
`reference_doctype` varchar(140),
`reference_document` varchar(140),
`submit_on_creation` int(1) not null default 0,
`start_date` date,
`end_date` date,
`frequency` varchar(140),
`repeat_on_day` int(11) not null default 0,
`repeat_on_last_day` int(1) not null default 0,
`next_schedule_date` date,
`notify_by_email` int(1) not null default 0,
`recipients` text,
`template` varchar(140),
`subject` varchar(140),
`message` text default 'Please find attached {{ doc.doctype }} #{{ doc.name }}',
`print_format` varchar(140),
`status` varchar(140),
`_user_tags` text,
`_comments` text,
`_assign` text,
`_liked_by` text,
index `next_schedule_date`(`next_schedule_date`),
index modified(modified))
			ENGINE=InnoDB
			ROW_FORMAT=DYNAMIC
			CHARACTER SET=utf8mb4
			COLLATE=utf8mb4_unicode_ci
2023-09-21 13:58:02,029 WARNING database DDL Query made to DB:
create table `tabAuto Repeat Day` (
			name varchar(140) primary key,
			creation datetime(6),
			modified datetime(6),
			modified_by varchar(140),
			owner varchar(140),
			docstatus int(1) not null default '0',
			idx int(8) not null default '0',
			`day` varchar(140),
parent varchar(140),
parentfield varchar(140),
parenttype varchar(140),
index parent(parent))
			ENGINE=InnoDB
			ROW_FORMAT=DYNAMIC
			CHARACTER SET=utf8mb4
			COLLATE=utf8mb4_unicode_ci
2023-09-21 13:58:02,108 WARNING database DDL Query made to DB:
create table `tabMilestone Tracker` (
			name varchar(140) primary key,
			creation datetime(6),
			modified datetime(6),
			modified_by varchar(140),
			owner varchar(140),
			docstatus int(1) not null default '0',
			idx int(8) not null default '0',
			`document_type` varchar(140) unique,
`track_field` varchar(140),
`disabled` int(1) not null default 0,
`_user_tags` text,
`_comments` text,
`_assign` text,
`_liked_by` text,
index modified(modified))
			ENGINE=InnoDB
			ROW_FORMAT=DYNAMIC
			CHARACTER SET=utf8mb4
			COLLATE=utf8mb4_unicode_ci
2023-09-21 13:58:02,192 WARNING database DDL Query made to DB:
create table `tabReminder` (
			name varchar(140) primary key,
			creation datetime(6),
			modified datetime(6),
			modified_by varchar(140),
			owner varchar(140),
			docstatus int(1) not null default '0',
			idx int(8) not null default '0',
			`user` varchar(140),
`remind_at` datetime(6),
`description` text,
`reminder_doctype` varchar(140),
`reminder_docname` varchar(140),
`notified` int(1) not null default 0,
`_user_tags` text,
`_comments` text,
`_assign` text,
`_liked_by` text,
index `user`(`user`),
index `remind_at`(`remind_at`),
index modified(modified))
			ENGINE=InnoDB
			ROW_FORMAT=DYNAMIC
			CHARACTER SET=utf8mb4
			COLLATE=utf8mb4_unicode_ci
2023-09-21 13:58:02,268 WARNING database DDL Query made to DB:
create table `tabAssignment Rule` (
			name varchar(140) primary key,
			creation datetime(6),
			modified datetime(6),
			modified_by varchar(140),
			owner varchar(140),
			docstatus int(1) not null default '0',
			idx int(8) not null default '0',
			`document_type` varchar(140),
`due_date_based_on` varchar(140),
`priority` int(11) not null default 0,
`disabled` int(1) not null default 0,
`description` text default 'Automatic Assignment',
`assign_condition` longtext,
`unassign_condition` longtext,
`close_condition` longtext,
`rule` varchar(140),
`field` varchar(140),
`last_user` varchar(140),
`_user_tags` text,
`_comments` text,
`_assign` text,
`_liked_by` text,
index modified(modified))
			ENGINE=InnoDB
			ROW_FORMAT=DYNAMIC
			CHARACTER SET=utf8mb4
			COLLATE=utf8mb4_unicode_ci
2023-09-21 13:58:02,349 WARNING database DDL Query made to DB:
create table `tabAssignment Rule User` (
			name varchar(140) primary key,
			creation datetime(6),
			modified datetime(6),
			modified_by varchar(140),
			owner varchar(140),
			docstatus int(1) not null default '0',
			idx int(8) not null default '0',
			`user` varchar(140),
parent varchar(140),
parentfield varchar(140),
parenttype varchar(140),
index parent(parent))
			ENGINE=InnoDB
			ROW_FORMAT=DYNAMIC
			CHARACTER SET=utf8mb4
			COLLATE=utf8mb4_unicode_ci
2023-09-21 15:03:44,560 WARNING database DDL Query made to DB:
create sequence if not exists vendor_id_seq nocache nocycle
2023-09-21 15:03:44,644 WARNING database DDL Query made to DB:
create table `tabVendor` (
			name bigint primary key,
			creation datetime(6),
			modified datetime(6),
			modified_by varchar(140),
			owner varchar(140),
			docstatus int(1) not null default '0',
			idx int(8) not null default '0',
			`title` varchar(140),
`_user_tags` text,
`_comments` text,
`_assign` text,
`_liked_by` text,
index modified(modified))
			ENGINE=InnoDB
			ROW_FORMAT=DYNAMIC
			CHARACTER SET=utf8mb4
			COLLATE=utf8mb4_unicode_ci
2023-09-21 15:05:16,376 WARNING database DDL Query made to DB:
ALTER TABLE `tabVendor` ADD COLUMN `vendor_name` varchar(140)
2023-09-21 15:16:40,524 WARNING database DDL Query made to DB:
create sequence if not exists pre_approval_id_seq nocache nocycle
2023-09-21 15:16:40,602 WARNING database DDL Query made to DB:
create table `tabPre-Approval` (
			name bigint primary key,
			creation datetime(6),
			modified datetime(6),
			modified_by varchar(140),
			owner varchar(140),
			docstatus int(1) not null default '0',
			idx int(8) not null default '0',
			`title` varchar(140),
`_user_tags` text,
`_comments` text,
`_assign` text,
`_liked_by` text,
index modified(modified))
			ENGINE=InnoDB
			ROW_FORMAT=DYNAMIC
			CHARACTER SET=utf8mb4
			COLLATE=utf8mb4_unicode_ci
2023-09-21 15:37:53,918 WARNING database DDL Query made to DB:
ALTER TABLE `tabPre-Approval` ADD COLUMN `row_id` int(11) not null default 0, ADD COLUMN `status` varchar(140), ADD COLUMN `vehicle_status` varchar(140), ADD COLUMN `confirmed` int(1) not null default 0, ADD COLUMN `boss_approval` varchar(140), ADD COLUMN `date` date, ADD COLUMN `invoice` varchar(140), ADD COLUMN `vendor_name` varchar(140), ADD COLUMN `vendor_number` varchar(140), ADD COLUMN `buying_entity` varchar(140), ADD COLUMN `vin` varchar(140), ADD COLUMN `eta_at_vendor` date, ADD COLUMN `days_until_eta` int(11) not null default 0, ADD COLUMN `notes_updates` text, ADD COLUMN `year` int(11) not null default 0, ADD COLUMN `make` varchar(140), ADD COLUMN `model` varchar(140), ADD COLUMN `trim` varchar(140), ADD COLUMN `colour` varchar(140), ADD COLUMN `msrp` varchar(140), ADD COLUMN `vehicle_cost_vendor` decimal(21,9) not null default 0, ADD COLUMN `buyer_agent` varchar(140)
2023-09-21 15:45:01,000 WARNING database DDL Query made to DB:
ALTER TABLE `tabPre-Approval` MODIFY `vehicle_cost_vendor` decimal(21,9) not null default 0
2023-09-21 16:51:26,800 WARNING database DDL Query made to DB:
ALTER TABLE `tabPre-Approval` MODIFY `vehicle_cost_vendor` decimal(21,9) not null default 0
2023-09-21 19:57:38,016 WARNING database DDL Query made to DB:
create sequence if not exists intake_id_seq nocache nocycle
2023-09-21 19:57:38,721 WARNING database DDL Query made to DB:
create table `tabIntake` (
			name bigint primary key,
			creation datetime(6),
			modified datetime(6),
			modified_by varchar(140),
			owner varchar(140),
			docstatus int(1) not null default '0',
			idx int(8) not null default '0',
			`title` varchar(140),
`_user_tags` text,
`_comments` text,
`_assign` text,
`_liked_by` text,
index modified(modified))
			ENGINE=InnoDB
			ROW_FORMAT=DYNAMIC
			CHARACTER SET=utf8mb4
			COLLATE=utf8mb4_unicode_ci
2023-09-22 09:00:51,955 WARNING database DDL Query made to DB:
ALTER TABLE `tabIntake` ADD COLUMN `status` varchar(140), ADD COLUMN `boss_approval` varchar(140), ADD COLUMN `date` date, ADD COLUMN `invoice` varchar(140), ADD COLUMN `vendor_name` varchar(140), ADD COLUMN `vendor_number` varchar(140), ADD COLUMN `buying_entity` varchar(140), ADD COLUMN `sales_person` varchar(140), ADD COLUMN `phone_number` varchar(140), ADD COLUMN `address` varchar(140), ADD COLUMN `vin` varchar(140), ADD COLUMN `eta_at_vendor` date, ADD COLUMN `days_until_eta` int(11) not null default 0, ADD COLUMN `contact_date` date, ADD COLUMN `notes_update` text, ADD COLUMN `bos` varchar(140), ADD COLUMN `deposit_receipt` varchar(140), ADD COLUMN `spec_sheet` varchar(140), ADD COLUMN `year` int(11) not null default 0, ADD COLUMN `make` varchar(140), ADD COLUMN `model` varchar(140), ADD COLUMN `trim` varchar(140), ADD COLUMN `colour` varchar(140), ADD COLUMN `msrp` int(11) not null default 0, ADD COLUMN `vehicle_cost_vendor` decimal(21,9) not null default 0, ADD COLUMN `first_pmt_vendor` int(11) not null default 0, ADD COLUMN `first_date_vendor` date, ADD COLUMN `buyer_agent` varchar(140), ADD COLUMN `commission_amount` decimal(21,9) not null default 0
2023-09-22 09:06:42,267 WARNING database DDL Query made to DB:
ALTER TABLE `tabIntake` ADD COLUMN `date_paid` date, ADD COLUMN `row_id` int(11) not null default 0, ADD COLUMN `confirmed` int(1) not null default 0
2023-09-22 09:06:42,299 WARNING database DDL Query made to DB:
ALTER TABLE `tabIntake` MODIFY `vehicle_cost_vendor` decimal(21,9) not null default 0, MODIFY `commission_amount` decimal(21,9) not null default 0
2023-09-22 13:17:15,864 WARNING database DDL Query made to DB:
ALTER TABLE `tabPre-Approval` MODIFY `vehicle_cost_vendor` decimal(21,9) not null default 0
2023-09-25 12:06:38,328 WARNING database DDL Query made to DB:
create sequence if not exists customer_id_seq nocache nocycle
2023-09-25 12:06:38,402 WARNING database DDL Query made to DB:
create table `tabCustomer` (
			name bigint primary key,
			creation datetime(6),
			modified datetime(6),
			modified_by varchar(140),
			owner varchar(140),
			docstatus int(1) not null default '0',
			idx int(8) not null default '0',
			`title` varchar(140),
`_user_tags` text,
`_comments` text,
`_assign` text,
`_liked_by` text,
index modified(modified))
			ENGINE=InnoDB
			ROW_FORMAT=DYNAMIC
			CHARACTER SET=utf8mb4
			COLLATE=utf8mb4_unicode_ci
2023-09-25 12:09:45,064 WARNING database DDL Query made to DB:
ALTER TABLE `tabCustomer` ADD COLUMN `customer_name` varchar(140), ADD COLUMN `phone` varchar(140), ADD COLUMN `address` varchar(140)
2023-09-25 13:33:10,444 WARNING database DDL Query made to DB:
create sequence if not exists pass_id_seq nocache nocycle
2023-09-25 13:33:10,558 WARNING database DDL Query made to DB:
create table `tabPass` (
			name bigint primary key,
			creation datetime(6),
			modified datetime(6),
			modified_by varchar(140),
			owner varchar(140),
			docstatus int(1) not null default '0',
			idx int(8) not null default '0',
			`title` varchar(140),
`_user_tags` text,
`_comments` text,
`_assign` text,
`_liked_by` text,
index modified(modified))
			ENGINE=InnoDB
			ROW_FORMAT=DYNAMIC
			CHARACTER SET=utf8mb4
			COLLATE=utf8mb4_unicode_ci
2023-09-25 13:47:44,211 WARNING database DDL Query made to DB:
ALTER TABLE `tabPass` ADD COLUMN `vehicle_status` varchar(140), ADD COLUMN `boss_approval` varchar(140), ADD COLUMN `date` date, ADD COLUMN `invoice` varchar(140), ADD COLUMN `vendor_name` varchar(140), ADD COLUMN `vendor_number` varchar(140), ADD COLUMN `buying_entity` varchar(140), ADD COLUMN `vin` varchar(140), ADD COLUMN `eta_at_vendor` date, ADD COLUMN `days_until_eta` int(11) not null default 0, ADD COLUMN `notes_updates` varchar(140), ADD COLUMN `year` int(11) not null default 0, ADD COLUMN `make` varchar(140), ADD COLUMN `model` varchar(140), ADD COLUMN `trim` varchar(140), ADD COLUMN `colour` varchar(140), ADD COLUMN `msrp` varchar(140), ADD COLUMN `vehicle_cost` decimal(21,9) not null default 0, ADD COLUMN `buyer_agent` varchar(140), ADD COLUMN `row_id` varchar(140), ADD COLUMN `status` varchar(140), ADD COLUMN `confirmed` int(1) not null default 0, ADD COLUMN `contact_date` date
2023-09-25 16:21:50,264 WARNING database DDL Query made to DB:
ALTER TABLE `tabPre-Approval` MODIFY `vehicle_cost_vendor` decimal(21,9) not null default 0
2023-09-26 09:30:40,823 WARNING database DDL Query made to DB:
ALTER TABLE `tabPre-Approval` ADD COLUMN `workflow_state` varchar(140)
2023-09-26 09:30:40,845 WARNING database DDL Query made to DB:
ALTER TABLE `tabPre-Approval` MODIFY `vehicle_cost_vendor` decimal(21,9) not null default 0
2023-09-27 09:13:32,648 WARNING database DDL Query made to DB:
ALTER TABLE `tabPre-Approval` MODIFY `vehicle_cost_vendor` decimal(21,9) not null default 0
2023-09-27 10:15:13,800 WARNING database DDL Query made to DB:
ALTER TABLE `tabPre-Approval` MODIFY `vehicle_cost_vendor` decimal(21,9) not null default 0
2023-09-27 13:23:59,434 WARNING database DDL Query made to DB:
ALTER TABLE `tabPre-Approval` ADD COLUMN `route` varchar(140), ADD COLUMN `published` int(1) not null default 0
2023-09-27 13:23:59,471 WARNING database DDL Query made to DB:
ALTER TABLE `tabPre-Approval` MODIFY `vehicle_cost_vendor` decimal(21,9) not null default 0
2023-09-27 16:46:02,619 WARNING database DDL Query made to DB:
DROP TABLE IF EXISTS `tabVendor`
2023-09-27 16:46:02,959 WARNING database DDL Query made to DB:
DROP TABLE IF EXISTS `tabCustomer`
2023-09-27 16:46:03,175 WARNING database DDL Query made to DB:
DROP TABLE IF EXISTS `tabPass`
2023-09-27 16:46:03,901 WARNING database DDL Query made to DB:
DROP TABLE IF EXISTS `tabIntake`
2023-09-27 16:46:04,316 WARNING database DDL Query made to DB:
DROP TABLE IF EXISTS `tabPre-Approval`
2023-09-28 13:47:46,492 WARNING database DDL Query made to DB:
create sequence if not exists pass_id_seq nocache nocycle
2023-09-28 13:47:46,579 WARNING database DDL Query made to DB:
create table `tabPass` (
			name bigint primary key,
			creation datetime(6),
			modified datetime(6),
			modified_by varchar(140),
			owner varchar(140),
			docstatus int(1) not null default '0',
			idx int(8) not null default '0',
			`vehicle_status` varchar(140),
`boss_approval` varchar(140),
`date` date,
`invoice` varchar(140),
`vendor_name` varchar(140),
`vendor_number` varchar(140),
`buying_entity` varchar(140),
`vin` varchar(140),
`eta_at_vendor` date,
`days_until_eta` int(11) not null default 0,
`notes_updates` varchar(140),
`year` int(11) not null default 0,
`make` varchar(140),
`model` varchar(140),
`trim` varchar(140),
`colour` varchar(140),
`msrp` varchar(140),
`vehicle_cost` decimal(21,9) not null default 0,
`buyer_agent` varchar(140),
`row_id` varchar(140),
`status` varchar(140),
`confirmed` int(1) not null default 0,
`contact_date` date,
`_user_tags` text,
`_comments` text,
`_assign` text,
`_liked_by` text,
index modified(modified))
			ENGINE=InnoDB
			ROW_FORMAT=DYNAMIC
			CHARACTER SET=utf8mb4
			COLLATE=utf8mb4_unicode_ci
2023-09-28 13:47:46,704 WARNING database DDL Query made to DB:
create sequence if not exists intake_id_seq nocache nocycle
2023-09-28 13:47:46,729 WARNING database DDL Query made to DB:
create table `tabIntake` (
			name bigint primary key,
			creation datetime(6),
			modified datetime(6),
			modified_by varchar(140),
			owner varchar(140),
			docstatus int(1) not null default '0',
			idx int(8) not null default '0',
			`status` varchar(140),
`boss_approval` varchar(140),
`date` date,
`invoice` varchar(140),
`vendor_name` varchar(140),
`vendor_number` varchar(140),
`buying_entity` varchar(140),
`sales_person` varchar(140),
`phone_number` varchar(140),
`address` varchar(140),
`vin` varchar(140),
`eta_at_vendor` date,
`days_until_eta` int(11) not null default 0,
`contact_date` date,
`notes_update` text,
`bos` varchar(140),
`deposit_receipt` varchar(140),
`spec_sheet` varchar(140),
`year` int(11) not null default 0,
`make` varchar(140),
`model` varchar(140),
`trim` varchar(140),
`colour` varchar(140),
`msrp` int(11) not null default 0,
`vehicle_cost_vendor` decimal(21,9) not null default 0,
`first_pmt_vendor` int(11) not null default 0,
`first_date_vendor` date,
`buyer_agent` varchar(140),
`commission_amount` decimal(21,9) not null default 0,
`date_paid` date,
`row_id` int(11) not null default 0,
`confirmed` int(1) not null default 0,
`_user_tags` text,
`_comments` text,
`_assign` text,
`_liked_by` text,
index modified(modified))
			ENGINE=InnoDB
			ROW_FORMAT=DYNAMIC
			CHARACTER SET=utf8mb4
			COLLATE=utf8mb4_unicode_ci
2023-09-28 13:47:46,784 WARNING database DDL Query made to DB:
create sequence if not exists vendor_id_seq nocache nocycle
2023-09-28 13:47:46,809 WARNING database DDL Query made to DB:
create table `tabVendor` (
			name bigint primary key,
			creation datetime(6),
			modified datetime(6),
			modified_by varchar(140),
			owner varchar(140),
			docstatus int(1) not null default '0',
			idx int(8) not null default '0',
			`vendor_name` varchar(140),
`_user_tags` text,
`_comments` text,
`_assign` text,
`_liked_by` text,
index modified(modified))
			ENGINE=InnoDB
			ROW_FORMAT=DYNAMIC
			CHARACTER SET=utf8mb4
			COLLATE=utf8mb4_unicode_ci
2023-09-28 13:47:46,891 WARNING database DDL Query made to DB:
create sequence if not exists customer_id_seq nocache nocycle
2023-09-28 13:47:46,918 WARNING database DDL Query made to DB:
create table `tabCustomer` (
			name bigint primary key,
			creation datetime(6),
			modified datetime(6),
			modified_by varchar(140),
			owner varchar(140),
			docstatus int(1) not null default '0',
			idx int(8) not null default '0',
			`customer_name` varchar(140),
`phone` varchar(140),
`address` varchar(140),
`_user_tags` text,
`_comments` text,
`_assign` text,
`_liked_by` text,
index modified(modified))
			ENGINE=InnoDB
			ROW_FORMAT=DYNAMIC
			CHARACTER SET=utf8mb4
			COLLATE=utf8mb4_unicode_ci
2023-09-28 13:47:46,983 WARNING database DDL Query made to DB:
create sequence if not exists pre_approval_id_seq nocache nocycle
2023-09-28 13:47:47,010 WARNING database DDL Query made to DB:
create table `tabPre-Approval` (
			name bigint primary key,
			creation datetime(6),
			modified datetime(6),
			modified_by varchar(140),
			owner varchar(140),
			docstatus int(1) not null default '0',
			idx int(8) not null default '0',
			`workflow_state` varchar(140),
`row_id` int(11) not null default 0,
`status` varchar(140),
`vehicle_status` varchar(140),
`confirmed` int(1) not null default 0,
`boss_approval` varchar(140),
`date` date,
`invoice` varchar(140),
`vendor_name` varchar(140),
`vendor_number` varchar(140),
`buying_entity` varchar(140),
`vin` varchar(140),
`eta_at_vendor` date,
`days_until_eta` int(11) not null default 0,
`notes_updates` text,
`year` int(11) not null default 0,
`make` varchar(140),
`model` varchar(140),
`trim` varchar(140),
`colour` varchar(140),
`msrp` varchar(140),
`vehicle_cost_vendor` decimal(21,9) not null default 0,
`buyer_agent` varchar(140),
`_user_tags` text,
`_comments` text,
`_assign` text,
`_liked_by` text,
index modified(modified))
			ENGINE=InnoDB
			ROW_FORMAT=DYNAMIC
			CHARACTER SET=utf8mb4
			COLLATE=utf8mb4_unicode_ci
2023-09-28 14:16:28,430 WARNING database DDL Query made to DB:
ALTER TABLE `tabPre-Approval` MODIFY `vehicle_cost_vendor` decimal(21,9) not null default 0
2023-09-28 14:21:19,615 WARNING database DDL Query made to DB:
ALTER TABLE `tabPre-Approval` MODIFY `vehicle_cost_vendor` decimal(21,9) not null default 0
2023-09-28 14:37:57,941 WARNING database DDL Query made to DB:
ALTER TABLE `tabPre-Approval` MODIFY `vehicle_cost_vendor` decimal(21,9) not null default 0
2023-09-28 14:40:04,830 WARNING database DDL Query made to DB:
ALTER TABLE `tabPre-Approval` MODIFY `vehicle_cost_vendor` decimal(21,9) not null default 0
2023-09-28 14:58:48,128 WARNING database DDL Query made to DB:
ALTER TABLE `tabPre-Approval` MODIFY `vehicle_cost_vendor` decimal(21,9) not null default 0
2023-10-03 10:41:09,421 WARNING database DDL Query made to DB:
ALTER TABLE `tabWorkspace` MODIFY `sequence_id` decimal(21,9) not null default 0
2023-10-03 10:41:31,260 WARNING database DDL Query made to DB:
ALTER TABLE `tabWorkspace` MODIFY `sequence_id` decimal(21,9) not null default 0
2023-10-05 19:05:43,595 WARNING database DDL Query made to DB:
ALTER TABLE `tabPre-Approval` MODIFY `vehicle_cost_vendor` decimal(21,9) not null default 0
2023-10-05 19:08:59,631 WARNING database DDL Query made to DB:
ALTER TABLE `tabVendor` ADD COLUMN `custom_vendor_number` varchar(140)
2023-10-05 19:11:09,584 WARNING database DDL Query made to DB:
ALTER TABLE `tabVendor` ADD COLUMN `vendor_number` varchar(140)
