2023-09-21 15:25:34,949 ERROR scheduler Skipped queueing frappe.email.queue.flush because it was found in queue for gmt.test
2023-09-21 16:11:13,377 ERROR scheduler Skipped queueing frappe.email.doctype.email_account.email_account.pull because it was found in queue for gmt.test
2023-09-21 16:46:57,965 ERROR scheduler Skipped queueing frappe.oauth.delete_oauth2_data because it was found in queue for gmt.test
2023-09-21 17:17:15,164 ERROR scheduler Skipped queueing frappe.utils.global_search.sync_global_search because it was found in queue for gmt.test
2023-09-21 17:17:15,229 ERROR scheduler Skipped queueing frappe.email.doctype.email_account.email_account.notify_unreplied because it was found in queue for gmt.test
2023-09-21 17:17:15,235 ERROR scheduler Skipped queueing frappe.email.queue.flush because it was found in queue for gmt.test
2023-09-21 17:17:15,250 ERROR scheduler Skipped queueing frappe.twofactor.delete_all_barcodes_for_users because it was found in queue for gmt.test
2023-09-21 17:17:15,256 ERROR scheduler Skipped queueing frappe.website.doctype.web_page.web_page.check_publish_status because it was found in queue for gmt.test
2023-09-21 17:17:15,262 ERROR scheduler Skipped queueing frappe.oauth.delete_oauth2_data because it was found in queue for gmt.test
2023-09-21 19:52:14,855 ERROR scheduler Skipped queueing frappe.email.doctype.email_account.email_account.pull because it was found in queue for gmt.test
2023-09-22 14:03:05,254 ERROR scheduler Skipped queueing frappe.email.doctype.email_account.email_account.pull because it was found in queue for gmt.test
2023-09-22 14:06:17,810 ERROR scheduler Skipped queueing frappe.utils.global_search.sync_global_search because it was found in queue for gmt.test
2023-09-22 14:06:18,524 ERROR scheduler Skipped queueing frappe.email.doctype.email_account.email_account.notify_unreplied because it was found in queue for gmt.test
2023-09-22 14:06:18,739 ERROR scheduler Skipped queueing frappe.email.queue.flush because it was found in queue for gmt.test
2023-09-22 14:07:33,414 ERROR scheduler Skipped queueing frappe.email.doctype.email_account.email_account.notify_unreplied because it was found in queue for gmt.test
2023-09-22 14:07:33,637 ERROR scheduler Skipped queueing frappe.email.queue.flush because it was found in queue for gmt.test
2023-09-22 14:09:17,345 ERROR scheduler Skipped queueing frappe.monitor.flush because it was found in queue for gmt.test
2023-09-22 14:09:20,586 ERROR scheduler Skipped queueing frappe.email.queue.flush because it was found in queue for gmt.test
2023-09-22 14:41:53,743 ERROR scheduler Skipped queueing frappe.email.doctype.email_account.email_account.pull because it was found in queue for gmt.test
2023-09-22 14:53:37,377 ERROR scheduler Skipped queueing frappe.monitor.flush because it was found in queue for gmt.test
2023-09-22 14:53:37,557 ERROR scheduler Skipped queueing frappe.utils.global_search.sync_global_search because it was found in queue for gmt.test
2023-09-22 14:53:37,704 ERROR scheduler Skipped queueing frappe.email.doctype.email_account.email_account.notify_unreplied because it was found in queue for gmt.test
2023-09-22 14:53:37,841 ERROR scheduler Skipped queueing frappe.email.queue.flush because it was found in queue for gmt.test
2023-09-22 14:57:47,514 ERROR scheduler Skipped queueing frappe.automation.doctype.reminder.reminder.send_reminders because it was found in queue for gmt.test
2023-09-22 14:57:47,887 ERROR scheduler Skipped queueing frappe.monitor.flush because it was found in queue for gmt.test
2023-09-22 14:57:49,393 ERROR scheduler Skipped queueing frappe.utils.global_search.sync_global_search because it was found in queue for gmt.test
2023-09-22 14:57:49,584 ERROR scheduler Skipped queueing frappe.email.doctype.email_account.email_account.notify_unreplied because it was found in queue for gmt.test
2023-09-22 14:57:49,684 ERROR scheduler Skipped queueing frappe.email.queue.flush because it was found in queue for gmt.test
2023-09-22 15:17:22,206 ERROR scheduler Skipped queueing frappe.website.doctype.web_page.web_page.check_publish_status because it was found in queue for gmt.test
2023-09-22 15:17:22,277 ERROR scheduler Skipped queueing frappe.oauth.delete_oauth2_data because it was found in queue for gmt.test
2023-09-27 10:13:40,548 ERROR scheduler Skipped queueing frappe.email.queue.flush because it was found in queue for gmt.test
2023-10-03 17:02:35,042 ERROR scheduler Skipped queueing frappe.desk.form.document_follow.send_hourly_updates because it was found in queue for gmt.test
2023-10-03 17:02:35,117 ERROR scheduler Skipped queueing frappe.deferred_insert.save_to_db because it was found in queue for gmt.test
2023-10-03 17:02:35,124 ERROR scheduler Skipped queueing frappe.desk.page.backups.backups.delete_downloadable_backups because it was found in queue for gmt.test
2023-10-03 17:02:35,131 ERROR scheduler Skipped queueing frappe.model.utils.user_settings.sync_user_settings because it was found in queue for gmt.test
2023-10-03 17:02:35,137 ERROR scheduler Skipped queueing frappe.model.utils.link_count.update_link_count because it was found in queue for gmt.test
2023-10-03 17:02:35,156 ERROR scheduler Skipped queueing frappe.automation.doctype.reminder.reminder.send_reminders because it was found in queue for gmt.test
2023-10-03 17:02:35,167 ERROR scheduler Skipped queueing frappe.monitor.flush because it was found in queue for gmt.test
2023-10-03 17:02:35,181 ERROR scheduler Skipped queueing frappe.utils.global_search.sync_global_search because it was found in queue for gmt.test
2023-10-03 17:02:35,188 ERROR scheduler Skipped queueing frappe.email.doctype.email_account.email_account.notify_unreplied because it was found in queue for gmt.test
2023-10-03 17:02:35,202 ERROR scheduler Skipped queueing frappe.email.queue.flush because it was found in queue for gmt.test
2023-10-03 17:02:35,217 ERROR scheduler Skipped queueing frappe.email.doctype.email_account.email_account.pull because it was found in queue for gmt.test
2023-10-03 17:02:35,233 ERROR scheduler Skipped queueing frappe.twofactor.delete_all_barcodes_for_users because it was found in queue for gmt.test
2023-10-03 17:02:35,242 ERROR scheduler Skipped queueing frappe.website.doctype.web_page.web_page.check_publish_status because it was found in queue for gmt.test
2023-10-03 17:02:35,252 ERROR scheduler Skipped queueing frappe.oauth.delete_oauth2_data because it was found in queue for gmt.test
2023-10-04 09:22:23,998 ERROR scheduler Skipped queueing frappe.automation.doctype.reminder.reminder.send_reminders because it was found in queue for gmt.test
2023-10-04 09:22:24,693 ERROR scheduler Skipped queueing frappe.monitor.flush because it was found in queue for gmt.test
2023-10-04 09:22:24,969 ERROR scheduler Skipped queueing frappe.utils.global_search.sync_global_search because it was found in queue for gmt.test
2023-10-04 09:22:25,246 ERROR scheduler Skipped queueing frappe.email.doctype.email_account.email_account.notify_unreplied because it was found in queue for gmt.test
2023-10-04 09:22:25,530 ERROR scheduler Skipped queueing frappe.email.queue.flush because it was found in queue for gmt.test
2023-10-04 09:22:25,789 ERROR scheduler Skipped queueing frappe.email.doctype.email_account.email_account.pull because it was found in queue for gmt.test
2023-10-04 13:46:25,925 ERROR scheduler Skipped queueing frappe.automation.doctype.reminder.reminder.send_reminders because it was found in queue for gmt.test
2023-10-04 13:46:26,756 ERROR scheduler Skipped queueing frappe.monitor.flush because it was found in queue for gmt.test
2023-10-04 13:46:26,988 ERROR scheduler Skipped queueing frappe.utils.global_search.sync_global_search because it was found in queue for gmt.test
2023-10-04 13:46:27,591 ERROR scheduler Skipped queueing frappe.email.doctype.email_account.email_account.notify_unreplied because it was found in queue for gmt.test
2023-10-04 13:46:28,635 ERROR scheduler Skipped queueing frappe.email.queue.flush because it was found in queue for gmt.test
2023-10-04 13:46:34,700 ERROR scheduler Skipped queueing frappe.twofactor.delete_all_barcodes_for_users because it was found in queue for gmt.test
2023-10-04 13:46:36,069 ERROR scheduler Skipped queueing frappe.website.doctype.web_page.web_page.check_publish_status because it was found in queue for gmt.test
2023-10-04 13:46:36,116 ERROR scheduler Skipped queueing frappe.oauth.delete_oauth2_data because it was found in queue for gmt.test
2023-10-04 14:01:55,521 ERROR scheduler Skipped queueing frappe.oauth.delete_oauth2_data because it was found in queue for gmt.test
2023-10-04 14:16:50,927 ERROR scheduler Skipped queueing frappe.twofactor.delete_all_barcodes_for_users because it was found in queue for gmt.test
2023-10-04 14:16:50,979 ERROR scheduler Skipped queueing frappe.website.doctype.web_page.web_page.check_publish_status because it was found in queue for gmt.test
2023-10-04 14:16:51,010 ERROR scheduler Skipped queueing frappe.oauth.delete_oauth2_data because it was found in queue for gmt.test
2023-10-04 14:29:14,167 ERROR scheduler Skipped queueing frappe.email.doctype.email_account.email_account.notify_unreplied because it was found in queue for gmt.test
2023-10-04 14:29:14,258 ERROR scheduler Skipped queueing frappe.email.queue.flush because it was found in queue for gmt.test
2023-10-04 14:46:51,810 ERROR scheduler Skipped queueing frappe.email.queue.flush because it was found in queue for gmt.test
2023-10-04 14:46:54,107 ERROR scheduler Skipped queueing frappe.twofactor.delete_all_barcodes_for_users because it was found in queue for gmt.test
2023-10-04 14:46:54,340 ERROR scheduler Skipped queueing frappe.website.doctype.web_page.web_page.check_publish_status because it was found in queue for gmt.test
2023-10-04 14:46:54,480 ERROR scheduler Skipped queueing frappe.oauth.delete_oauth2_data because it was found in queue for gmt.test
2023-10-04 14:48:29,582 ERROR scheduler Skipped queueing frappe.twofactor.delete_all_barcodes_for_users because it was found in queue for gmt.test
2023-10-04 14:48:29,668 ERROR scheduler Skipped queueing frappe.website.doctype.web_page.web_page.check_publish_status because it was found in queue for gmt.test
2023-10-04 14:48:29,674 ERROR scheduler Skipped queueing frappe.oauth.delete_oauth2_data because it was found in queue for gmt.test
2023-10-04 14:54:18,046 ERROR scheduler Skipped queueing frappe.automation.doctype.reminder.reminder.send_reminders because it was found in queue for gmt.test
2023-10-04 14:54:18,060 ERROR scheduler Skipped queueing frappe.monitor.flush because it was found in queue for gmt.test
2023-10-04 14:54:18,071 ERROR scheduler Skipped queueing frappe.utils.global_search.sync_global_search because it was found in queue for gmt.test
2023-10-04 14:54:18,079 ERROR scheduler Skipped queueing frappe.email.doctype.email_account.email_account.notify_unreplied because it was found in queue for gmt.test
2023-10-04 14:54:18,086 ERROR scheduler Skipped queueing frappe.email.queue.flush because it was found in queue for gmt.test
2023-10-16 11:29:29,664 ERROR scheduler Skipped queueing frappe.integrations.doctype.google_drive.google_drive.weekly_backup because it was found in queue for gmt.test
2023-10-16 11:29:29,720 ERROR scheduler Skipped queueing frappe.social.doctype.energy_point_log.energy_point_log.send_weekly_summary because it was found in queue for gmt.test
2023-10-16 11:29:29,726 ERROR scheduler Skipped queueing frappe.desk.form.document_follow.send_weekly_updates because it was found in queue for gmt.test
2023-10-16 11:29:29,730 ERROR scheduler Skipped queueing frappe.integrations.doctype.s3_backup_settings.s3_backup_settings.take_backups_weekly because it was found in queue for gmt.test
2023-10-16 11:29:29,734 ERROR scheduler Skipped queueing frappe.integrations.doctype.dropbox_settings.dropbox_settings.take_backups_weekly because it was found in queue for gmt.test
2023-10-16 11:29:29,738 ERROR scheduler Skipped queueing frappe.integrations.doctype.google_drive.google_drive.daily_backup because it was found in queue for gmt.test
2023-10-16 11:29:29,744 ERROR scheduler Skipped queueing frappe.email.doctype.auto_email_report.auto_email_report.send_daily because it was found in queue for gmt.test
2023-10-16 11:29:29,750 ERROR scheduler Skipped queueing frappe.integrations.doctype.s3_backup_settings.s3_backup_settings.take_backups_daily because it was found in queue for gmt.test
2023-10-16 11:29:29,764 ERROR scheduler Skipped queueing frappe.utils.change_log.check_for_update because it was found in queue for gmt.test
2023-10-16 11:29:29,771 ERROR scheduler Skipped queueing frappe.integrations.doctype.dropbox_settings.dropbox_settings.take_backups_daily because it was found in queue for gmt.test
2023-10-16 11:29:30,070 ERROR scheduler Skipped queueing frappe.monitor.flush because it was found in queue for gmt.test
2023-10-16 11:29:30,076 ERROR scheduler Skipped queueing frappe.utils.global_search.sync_global_search because it was found in queue for gmt.test
2023-10-16 11:29:30,082 ERROR scheduler Skipped queueing frappe.email.doctype.email_account.email_account.notify_unreplied because it was found in queue for gmt.test
2023-10-16 11:29:30,098 ERROR scheduler Skipped queueing frappe.email.queue.flush because it was found in queue for gmt.test
2023-10-16 11:29:30,101 ERROR scheduler Skipped queueing frappe.core.doctype.log_settings.log_settings.run_log_clean_up because it was found in queue for gmt.test
2023-10-16 11:29:30,108 ERROR scheduler Skipped queueing frappe.core.doctype.prepared_report.prepared_report.expire_stalled_report because it was found in queue for gmt.test
2023-10-16 11:29:30,129 ERROR scheduler Skipped queueing frappe.email.doctype.email_account.email_account.pull because it was found in queue for gmt.test
2023-10-16 11:29:30,142 ERROR scheduler Skipped queueing frappe.twofactor.delete_all_barcodes_for_users because it was found in queue for gmt.test
2023-10-16 11:29:30,148 ERROR scheduler Skipped queueing frappe.website.doctype.web_page.web_page.check_publish_status because it was found in queue for gmt.test
2023-10-16 11:29:30,155 ERROR scheduler Skipped queueing frappe.oauth.delete_oauth2_data because it was found in queue for gmt.test
